[INFO] Plate 16S-Plate1Pool-Rep1 : learning error rates from 75 samples
[INFO] Using 1e+07 bases for error learning (75 fwd + 75 rev files available)
Read 4722 reads, 3446 unique sequences
Read 5106 reads, 3784 unique sequences
Read 5135 reads, 3977 unique sequences
Read 2620 reads, 2186 unique sequences
Read 3498 reads, 2887 unique sequences
Read 2926 reads, 2262 unique sequences
Read 2320 reads, 1930 unique sequences
Read 1122 reads, 930 unique sequences
Read 577 reads, 559 unique sequences
Read 5331 reads, 3834 unique sequences
Read 462 reads, 452 unique sequences
Read 5899 reads, 4427 unique sequences
Read 2865 reads, 2313 unique sequences
Read 5318 reads, 4029 unique sequences
Read 5503 reads, 3549 unique sequences
Read 5758 reads, 4022 unique sequences
Read 3966 reads, 2672 unique sequences
Read 5601 reads, 2860 unique sequences
Read 1 reads, 1 unique sequences
Read 184 reads, 181 unique sequences
Read 7580 reads, 5966 unique sequences
10025397 total bases in 76494 reads from 21 samples will be used for learning the error rates.
Initializing error rates to maximum possible estimate.
   selfConsist step 1.....................
   selfConsist step 2.....................
   selfConsist step 3.....................
   selfConsist step 4.....................
   selfConsist step 5.....................
   selfConsist step 6.....................
   selfConsist step 7.....................
   selfConsist step 8.....................
Convergence after 8 rounds.
Read 4722 reads, 3228 unique sequences
Read 5106 reads, 3474 unique sequences
Read 5135 reads, 3698 unique sequences
Read 2620 reads, 2001 unique sequences
Read 3498 reads, 2618 unique sequences
Read 2926 reads, 2105 unique sequences
Read 2320 reads, 1871 unique sequences
Read 1122 reads, 837 unique sequences
Read 577 reads, 555 unique sequences
Read 5331 reads, 3473 unique sequences
Read 462 reads, 449 unique sequences
Read 5899 reads, 4104 unique sequences
Read 2865 reads, 2214 unique sequences
Read 5318 reads, 3689 unique sequences
Read 5503 reads, 3414 unique sequences
Read 5758 reads, 3557 unique sequences
10207437 total bases in 59162 reads from 16 samples will be used for learning the error rates.
Initializing error rates to maximum possible estimate.
   selfConsist step 1................
   selfConsist step 2................
   selfConsist step 3................
   selfConsist step 4................
   selfConsist step 5................
   selfConsist step 6................
   selfConsist step 7................
   selfConsist step 8................
   selfConsist step 9................
   selfConsist step 10................
Convergence after 10 rounds.
[INFO] Plate 16S-Plate1Pool-Rep1 : error models saved
