[INFO] Loading seqtab_final.pkl
[INFO] Loading renorm_merged.pkl
[INFO] Loading taxonomy: ./silva_taxonomy.pkl (db=silva)
[INFO] Loading ./silva_taxonomy.pkl
[WARN] Metadata file not found: NO_METADATA
[INFO] Loading sample_bray_tsne.pkl
[INFO] Loading seq_bray_tsne.pkl
[INFO] Loading sparcc_correlations.pkl
[INFO] Network: 0 edges
[INFO] Building samples.json
[INFO] samples.json: 57 samples
[INFO] Wrote samples.json (4,834 bytes)
[INFO] Building asvs.json
[INFO] asvs.json: 42 ASVs
[INFO] Wrote asvs.json.gz (4,088 bytes gzipped)
[INFO] Building counts.json.gz
[INFO] counts.json.gz: 218 non-zero entries, 57 samples, 42 ASVs
[INFO] Wrote counts.json.gz (2,201 bytes gzipped)
[INFO] Building network.json
[INFO] network.json: 0 edges
[INFO] Wrote network.json (12 bytes)
[INFO] Building taxonomy.json
[INFO]   silva: 6 levels, 42 ASVs assigned
[INFO] Wrote taxonomy.json (4,461 bytes)
[INFO] Building renorm_stats.json
[INFO]   chloroplast: 3 ASVs, 10,364 reads
[INFO]   eukaryote: 5 ASVs, 599 reads
[INFO]   mitochondria: 4 ASVs, 474 reads
[INFO]   prokaryote: 30 ASVs, 34,074 reads
[INFO] Wrote renorm_stats.json (227 bytes)
[WARN] Svelte app dist/index.html not found; skipping copy
[INFO] build_viz.py complete
