Mar-28 17:19:41.403 [main] DEBUG nextflow.cli.Launcher - $> nextflow run main.nf --input /data/microscape_v2/test_data --skip_primer_removal --outdir /data/microscape_v2/test_results_py --lang python --dada_engine python --dada_cpus 8 --min_samples 2 --min_seqs 3 --min_reads 100 --min_prevalence 3 --ref_databases 'silva:/matika/microscape/ref_dada2_silva_v138-2_train_set_uniq.fasta.gz:Domain,Phylum,Class,Order,Family,Genus' -c /dev/fd/63
Mar-28 17:19:41.463 [main] INFO  nextflow.cli.CmdRun - N E X T F L O W  ~  version 23.04.2
Mar-28 17:19:41.477 [main] DEBUG nextflow.plugin.PluginsFacade - Setting up plugin manager > mode=prod; embedded=false; plugins-dir=/usr/lib/ont-nextflow/plugins; core-plugins: nf-amazon@1.16.2,nf-azure@1.0.1,nf-codecommit@0.1.4,nf-console@1.0.5,nf-ga4gh@1.0.5,nf-google@1.7.3,nf-tower@1.5.12,nf-wave@0.8.3
Mar-28 17:19:41.485 [main] INFO  org.pf4j.DefaultPluginStatusProvider - Enabled plugins: []
Mar-28 17:19:41.486 [main] INFO  org.pf4j.DefaultPluginStatusProvider - Disabled plugins: []
Mar-28 17:19:41.488 [main] INFO  org.pf4j.DefaultPluginManager - PF4J version 3.4.1 in 'deployment' mode
Mar-28 17:19:41.496 [main] INFO  org.pf4j.AbstractPluginManager - No plugins
Mar-28 17:19:41.513 [main] DEBUG nextflow.config.ConfigBuilder - Found config local: /data/microscape_v2/nextflow/nextflow.config
Mar-28 17:19:41.515 [main] DEBUG nextflow.config.ConfigBuilder - User config file: /dev/fd/63
Mar-28 17:19:41.515 [main] DEBUG nextflow.config.ConfigBuilder - Parsing config file: /data/microscape_v2/nextflow/nextflow.config
Mar-28 17:19:41.515 [main] DEBUG nextflow.config.ConfigBuilder - Parsing config file: /dev/fd/63
Mar-28 17:19:41.537 [main] DEBUG nextflow.config.ConfigBuilder - Applying config profile: `standard`
Mar-28 17:19:42.406 [main] DEBUG nextflow.config.ConfigBuilder - Applying config profile: `standard`
Mar-28 17:19:42.458 [main] DEBUG nextflow.cli.CmdRun - Applied DSL=2 from script declararion
Mar-28 17:19:42.466 [main] INFO  nextflow.cli.CmdRun - Launching `main.nf` [elated_linnaeus] DSL2 - revision: 897d7c6fc0
Mar-28 17:19:42.467 [main] DEBUG nextflow.plugin.PluginsFacade - Plugins default=[]
Mar-28 17:19:42.467 [main] DEBUG nextflow.plugin.PluginsFacade - Plugins resolved requirement=[]
Mar-28 17:19:42.481 [main] DEBUG nextflow.secret.LocalSecretsProvider - Secrets store: /usr/lib/ont-nextflow/secrets/store.json
Mar-28 17:19:42.484 [main] DEBUG nextflow.secret.SecretsLoader - Discovered secrets providers: [nextflow.secret.LocalSecretsProvider@2a8a3ada] - activable => nextflow.secret.LocalSecretsProvider@2a8a3ada
Mar-28 17:19:42.537 [main] DEBUG nextflow.Session - Session UUID: 925cb7e2-7e17-474b-b87a-2d37bd1f28b1
Mar-28 17:19:42.537 [main] DEBUG nextflow.Session - Run name: elated_linnaeus
Mar-28 17:19:42.537 [main] DEBUG nextflow.Session - Executor pool size: 16
Mar-28 17:19:42.546 [main] DEBUG nextflow.util.ThreadPoolBuilder - Creating thread pool 'FileTransfer' minSize=10; maxSize=48; workQueue=LinkedBlockingQueue[10000]; allowCoreThreadTimeout=false
Mar-28 17:19:42.563 [main] DEBUG nextflow.cli.CmdRun - 
  Version: 23.04.2 build 5871
  Created: 08-06-2023 09:33 UTC (04:33 CDT)
  System: Linux 5.15.0-139-generic
  Runtime: Groovy 3.0.16 on OpenJDK 64-Bit Server VM 17.0.15+6-Ubuntu-0ubuntu120.04
  Encoding: UTF-8 (UTF-8)
  Process: 3700414@GXB04653 [127.0.0.1]
  CPUs: 16 - Mem: 62.6 GB (2.3 GB) - Swap: 38.2 GB (23.4 GB)
Mar-28 17:19:42.583 [main] DEBUG nextflow.Session - Work-dir: /data/microscape_v2/nextflow/work [ext2/ext3]
Mar-28 17:19:42.609 [main] DEBUG nextflow.executor.ExecutorFactory - Extension executors providers=[GoogleLifeSciencesExecutor, AwsBatchExecutor, GoogleBatchExecutor]
Mar-28 17:19:42.619 [main] DEBUG nextflow.Session - Observer factory: DefaultObserverFactory
Mar-28 17:19:42.633 [main] DEBUG nextflow.Session - Observer factory: TowerFactory
Mar-28 17:19:42.668 [main] DEBUG nextflow.cache.CacheFactory - Using Nextflow cache factory: nextflow.cache.DefaultCacheFactory
Mar-28 17:19:42.680 [main] DEBUG nextflow.util.CustomThreadPool - Creating default thread pool > poolSize: 17; maxThreads: 1000
Mar-28 17:19:42.730 [main] DEBUG nextflow.Session - Session start
Mar-28 17:19:42.734 [main] DEBUG nextflow.trace.TraceFileObserver - Workflow started -- trace file: /data/microscape_v2/test_results_py/pipeline_info/trace.txt
Mar-28 17:19:43.262 [main] DEBUG nextflow.script.ScriptRunner - > Launching execution
Mar-28 17:19:44.247 [main] DEBUG nextflow.script.ProcessConfig - Config settings `withLabel:process_low` matches labels `process_low` for process with name DADA2_FILTER_TRIM
Mar-28 17:19:44.252 [main] DEBUG nextflow.executor.ExecutorFactory - << taskConfig executor: local
Mar-28 17:19:44.252 [main] DEBUG nextflow.executor.ExecutorFactory - >> processorType: 'local'
Mar-28 17:19:44.256 [main] DEBUG nextflow.executor.Executor - [warm up] executor > local
Mar-28 17:19:44.260 [main] DEBUG n.processor.LocalPollingMonitor - Creating local task monitor for executor 'local' > cpus=16; memory=62.6 GB; capacity=16; pollInterval=100ms; dumpInterval=5m
Mar-28 17:19:44.339 [main] DEBUG nextflow.script.ProcessConfig - Config settings `withLabel:process_high` matches labels `process_high` for process with name DADA2_LEARN_ERRORS
Mar-28 17:19:44.340 [main] DEBUG nextflow.executor.ExecutorFactory - << taskConfig executor: local
Mar-28 17:19:44.340 [main] DEBUG nextflow.executor.ExecutorFactory - >> processorType: 'local'
Mar-28 17:19:44.364 [main] DEBUG nextflow.script.ProcessConfig - Config settings `withLabel:process_high` matches labels `process_high` for process with name DADA2_DENOISE
Mar-28 17:19:44.364 [main] DEBUG nextflow.executor.ExecutorFactory - << taskConfig executor: local
Mar-28 17:19:44.364 [main] DEBUG nextflow.executor.ExecutorFactory - >> processorType: 'local'
Mar-28 17:19:44.377 [main] DEBUG nextflow.script.ProcessConfig - Config settings `withLabel:process_medium` matches labels `process_medium` for process with name MERGE_SEQTABS
Mar-28 17:19:44.378 [main] DEBUG nextflow.executor.ExecutorFactory - << taskConfig executor: local
Mar-28 17:19:44.379 [main] DEBUG nextflow.executor.ExecutorFactory - >> processorType: 'local'
Mar-28 17:19:44.384 [main] DEBUG nextflow.script.ProcessConfig - Config settings `withLabel:process_high` matches labels `process_high` for process with name REMOVE_CHIMERAS
Mar-28 17:19:44.384 [main] DEBUG nextflow.executor.ExecutorFactory - << taskConfig executor: local
Mar-28 17:19:44.384 [main] DEBUG nextflow.executor.ExecutorFactory - >> processorType: 'local'
Mar-28 17:19:44.388 [main] DEBUG nextflow.script.ProcessConfig - Config settings `withLabel:process_medium` matches labels `process_medium` for process with name FILTER_SEQTAB
Mar-28 17:19:44.389 [main] DEBUG nextflow.executor.ExecutorFactory - << taskConfig executor: local
Mar-28 17:19:44.389 [main] DEBUG nextflow.executor.ExecutorFactory - >> processorType: 'local'
Mar-28 17:19:44.395 [main] DEBUG nextflow.script.ProcessConfig - Config settings `withLabel:process_high` matches labels `process_high` for process with name ASSIGN_TAXONOMY
Mar-28 17:19:44.395 [main] DEBUG nextflow.executor.ExecutorFactory - << taskConfig executor: local
Mar-28 17:19:44.395 [main] DEBUG nextflow.executor.ExecutorFactory - >> processorType: 'local'
Mar-28 17:19:44.402 [main] DEBUG nextflow.script.ProcessConfig - Config settings `withLabel:process_medium` matches labels `process_medium` for process with name RENORMALIZE
Mar-28 17:19:44.403 [main] DEBUG nextflow.executor.ExecutorFactory - << taskConfig executor: local
Mar-28 17:19:44.403 [main] DEBUG nextflow.executor.ExecutorFactory - >> processorType: 'local'
Mar-28 17:19:44.407 [main] DEBUG nextflow.script.ProcessConfig - Config settings `withLabel:process_high` matches labels `process_high` for process with name CLUSTER_TSNE
Mar-28 17:19:44.408 [main] DEBUG nextflow.executor.ExecutorFactory - << taskConfig executor: local
Mar-28 17:19:44.408 [main] DEBUG nextflow.executor.ExecutorFactory - >> processorType: 'local'
Mar-28 17:19:44.411 [main] DEBUG nextflow.script.ProcessConfig - Config settings `withLabel:process_high` matches labels `process_high` for process with name NETWORK_SPARCC
Mar-28 17:19:44.412 [main] DEBUG nextflow.executor.ExecutorFactory - << taskConfig executor: local
Mar-28 17:19:44.412 [main] DEBUG nextflow.executor.ExecutorFactory - >> processorType: 'local'
Mar-28 17:19:44.418 [main] DEBUG nextflow.script.ProcessConfig - Config settings `withLabel:process_low` matches labels `process_low` for process with name BUILD_VIZ
Mar-28 17:19:44.419 [main] DEBUG nextflow.executor.ExecutorFactory - << taskConfig executor: local
Mar-28 17:19:44.419 [main] DEBUG nextflow.executor.ExecutorFactory - >> processorType: 'local'
Mar-28 17:19:44.422 [main] DEBUG nextflow.Session - Workflow process names [dsl2]: DADA2_LEARN_ERRORS, BUILD_PHYLOGENY, DADA2_DENOISE, RENORMALIZE, FILTER_SEQTAB, LOAD_METADATA, CLUSTER_TSNE, DADA2_FILTER_TRIM, REMOVE_CHIMERAS, NETWORK_SPARCC, ASSIGN_TAXONOMY, REMOVE_PRIMERS, DEMULTIPLEX, BUILD_VIZ, MERGE_SEQTABS
Mar-28 17:19:44.425 [main] DEBUG nextflow.Session - Igniting dataflow network (14)
Mar-28 17:19:44.430 [PathVisitor-1] DEBUG nextflow.file.PathVisitor - files for syntax: glob; folder: /data/microscape_v2/test_data/; pattern: *_R{1,2}*.fastq.gz; options: [:]
Mar-28 17:19:44.430 [main] DEBUG nextflow.processor.TaskProcessor - Starting process > DADA2_FILTER_TRIM
Mar-28 17:19:44.431 [main] DEBUG nextflow.processor.TaskProcessor - Starting process > DADA2_LEARN_ERRORS
Mar-28 17:19:44.431 [main] DEBUG nextflow.processor.TaskProcessor - Starting process > DADA2_DENOISE
Mar-28 17:19:44.431 [main] DEBUG nextflow.processor.TaskProcessor - Starting process > MERGE_SEQTABS
Mar-28 17:19:44.431 [main] DEBUG nextflow.processor.TaskProcessor - Starting process > REMOVE_CHIMERAS
Mar-28 17:19:44.431 [main] DEBUG nextflow.processor.TaskProcessor - Starting process > FILTER_SEQTAB
Mar-28 17:19:44.431 [main] DEBUG nextflow.processor.TaskProcessor - Starting process > ASSIGN_TAXONOMY
Mar-28 17:19:44.431 [main] DEBUG nextflow.processor.TaskProcessor - Starting process > RENORMALIZE
Mar-28 17:19:44.431 [main] DEBUG nextflow.processor.TaskProcessor - Starting process > CLUSTER_TSNE
Mar-28 17:19:44.431 [main] DEBUG nextflow.processor.TaskProcessor - Starting process > NETWORK_SPARCC
Mar-28 17:19:44.432 [main] DEBUG nextflow.processor.TaskProcessor - Starting process > BUILD_VIZ
Mar-28 17:19:44.432 [main] DEBUG nextflow.script.ScriptRunner - > Awaiting termination 
Mar-28 17:19:44.432 [main] DEBUG nextflow.Session - Session await
Mar-28 17:19:44.741 [Task submitter] DEBUG n.executor.local.LocalTaskHandler - Launch cmd line: /bin/bash -ue .command.run
Mar-28 17:19:44.744 [Task submitter] INFO  nextflow.Session - [42/bf054f] Submitted process > DADA2_FILTER_TRIM (16S-Plate1Pool-Rep1_B05)
Mar-28 17:19:44.754 [Task submitter] DEBUG n.executor.local.LocalTaskHandler - Launch cmd line: /bin/bash -ue .command.run
Mar-28 17:19:44.754 [Task submitter] INFO  nextflow.Session - [08/2b20a1] Submitted process > DADA2_FILTER_TRIM (16S-Plate1Pool-Rep1_F07)
Mar-28 17:19:44.762 [Task submitter] DEBUG n.executor.local.LocalTaskHandler - Launch cmd line: /bin/bash -ue .command.run
Mar-28 17:19:44.763 [Task submitter] INFO  nextflow.Session - [b2/ee6191] Submitted process > DADA2_FILTER_TRIM (16S-Plate1Pool-Rep1_F03)
Mar-28 17:19:44.769 [Task submitter] DEBUG n.executor.local.LocalTaskHandler - Launch cmd line: /bin/bash -ue .command.run
Mar-28 17:19:44.770 [Task submitter] INFO  nextflow.Session - [0e/667fe9] Submitted process > DADA2_FILTER_TRIM (16S-Plate1Pool-Rep1_G08)
Mar-28 17:19:44.790 [Task submitter] DEBUG n.executor.local.LocalTaskHandler - Launch cmd line: /bin/bash -ue .command.run
Mar-28 17:19:44.792 [Task submitter] INFO  nextflow.Session - [a4/8a451e] Submitted process > DADA2_FILTER_TRIM (16S-Plate1Pool-Rep1_B01)
Mar-28 17:19:44.798 [Task submitter] DEBUG n.executor.local.LocalTaskHandler - Launch cmd line: /bin/bash -ue .command.run
Mar-28 17:19:44.801 [Task submitter] INFO  nextflow.Session - [b7/0e8501] Submitted process > DADA2_FILTER_TRIM (16S-Plate1Pool-Rep1_D04)
Mar-28 17:19:44.805 [Task submitter] DEBUG n.executor.local.LocalTaskHandler - Launch cmd line: /bin/bash -ue .command.run
Mar-28 17:19:44.806 [Task submitter] INFO  nextflow.Session - [85/9a7192] Submitted process > DADA2_FILTER_TRIM (16S-Plate1Pool-Rep1_F12)
Mar-28 17:19:44.824 [Task submitter] DEBUG n.executor.local.LocalTaskHandler - Launch cmd line: /bin/bash -ue .command.run
Mar-28 17:19:44.828 [Task submitter] INFO  nextflow.Session - [f6/e408a7] Submitted process > DADA2_FILTER_TRIM (16S-Plate1Pool-Rep1_D08)
Mar-28 17:19:47.549 [Task monitor] DEBUG n.processor.TaskPollingMonitor - Task completed > TaskHandler[id: 3; name: DADA2_FILTER_TRIM (16S-Plate1Pool-Rep1_B05); status: COMPLETED; exit: 0; error: -; workDir: /data/microscape_v2/nextflow/work/42/bf054f7ea4373f1bf6483fa48ff2b2]
Mar-28 17:19:47.552 [Task submitter] DEBUG n.executor.local.LocalTaskHandler - Launch cmd line: /bin/bash -ue .command.run
Mar-28 17:19:47.553 [Task submitter] INFO  nextflow.Session - [93/a9036a] Submitted process > DADA2_FILTER_TRIM (16S-Plate1Pool-Rep1_H08)
Mar-28 17:19:47.565 [Task monitor] DEBUG nextflow.util.ThreadPoolBuilder - Creating thread pool 'PublishDir' minSize=10; maxSize=48; workQueue=LinkedBlockingQueue[10000]; allowCoreThreadTimeout=false
Mar-28 17:19:47.573 [Task monitor] DEBUG n.processor.TaskPollingMonitor - Task completed > TaskHandler[id: 2; name: DADA2_FILTER_TRIM (16S-Plate1Pool-Rep1_F07); status: COMPLETED; exit: 0; error: -; workDir: /data/microscape_v2/nextflow/work/08/2b20a18f6e8ca760f3d3a36bf482f1]
Mar-28 17:19:47.576 [Task submitter] DEBUG n.executor.local.LocalTaskHandler - Launch cmd line: /bin/bash -ue .command.run
Mar-28 17:19:47.576 [Task submitter] INFO  nextflow.Session - [ef/e68c82] Submitted process > DADA2_FILTER_TRIM (16S-Plate1Pool-Rep1_F01)
Mar-28 17:19:47.576 [Task monitor] DEBUG n.processor.TaskPollingMonitor - Task completed > TaskHandler[id: 1; name: DADA2_FILTER_TRIM (16S-Plate1Pool-Rep1_F03); status: COMPLETED; exit: 0; error: -; workDir: /data/microscape_v2/nextflow/work/b2/ee61910773e93a8c92047ba1cfb2a7]
Mar-28 17:19:47.579 [Task submitter] DEBUG n.executor.local.LocalTaskHandler - Launch cmd line: /bin/bash -ue .command.run
Mar-28 17:19:47.579 [Task submitter] INFO  nextflow.Session - [21/b642d1] Submitted process > DADA2_FILTER_TRIM (16S-Plate1Pool-Rep1_B02)
Mar-28 17:19:47.579 [Task monitor] DEBUG n.processor.TaskPollingMonitor - Task completed > TaskHandler[id: 4; name: DADA2_FILTER_TRIM (16S-Plate1Pool-Rep1_G08); status: COMPLETED; exit: 0; error: -; workDir: /data/microscape_v2/nextflow/work/0e/667fe9038798dee465a2be326da9f8]
Mar-28 17:19:47.582 [Task submitter] DEBUG n.executor.local.LocalTaskHandler - Launch cmd line: /bin/bash -ue .command.run
Mar-28 17:19:47.583 [Task submitter] INFO  nextflow.Session - [9d/641d8e] Submitted process > DADA2_FILTER_TRIM (16S-Plate1Pool-Rep1_C03)
Mar-28 17:19:47.583 [Task monitor] DEBUG n.processor.TaskPollingMonitor - Task completed > TaskHandler[id: 5; name: DADA2_FILTER_TRIM (16S-Plate1Pool-Rep1_B01); status: COMPLETED; exit: 0; error: -; workDir: /data/microscape_v2/nextflow/work/a4/8a451e87d6d51cb97009e6dff77741]
Mar-28 17:19:47.586 [Task monitor] DEBUG n.processor.TaskPollingMonitor - Task completed > TaskHandler[id: 6; name: DADA2_FILTER_TRIM (16S-Plate1Pool-Rep1_D04); status: COMPLETED; exit: 0; error: -; workDir: /data/microscape_v2/nextflow/work/b7/0e8501021e3febe093d9f2369e3f8a]
Mar-28 17:19:47.586 [Task submitter] DEBUG n.executor.local.LocalTaskHandler - Launch cmd line: /bin/bash -ue .command.run
Mar-28 17:19:47.587 [Task submitter] INFO  nextflow.Session - [5a/bbc4bc] Submitted process > DADA2_FILTER_TRIM (16S-Plate1Pool-Rep1_E10)
Mar-28 17:19:47.590 [Task monitor] DEBUG n.processor.TaskPollingMonitor - Task completed > TaskHandler[id: 7; name: DADA2_FILTER_TRIM (16S-Plate1Pool-Rep1_F12); status: COMPLETED; exit: 0; error: -; workDir: /data/microscape_v2/nextflow/work/85/9a71922fac8e20ae8bb2b154ec8252]
Mar-28 17:19:47.590 [Task submitter] DEBUG n.executor.local.LocalTaskHandler - Launch cmd line: /bin/bash -ue .command.run
Mar-28 17:19:47.590 [Task submitter] INFO  nextflow.Session - [5c/097e26] Submitted process > DADA2_FILTER_TRIM (16S-Plate1Pool-Rep1_D07)
Mar-28 17:19:47.594 [Task submitter] DEBUG n.executor.local.LocalTaskHandler - Launch cmd line: /bin/bash -ue .command.run
Mar-28 17:19:47.594 [Task monitor] DEBUG n.processor.TaskPollingMonitor - Task completed > TaskHandler[id: 8; name: DADA2_FILTER_TRIM (16S-Plate1Pool-Rep1_D08); status: COMPLETED; exit: 0; error: -; workDir: /data/microscape_v2/nextflow/work/f6/e408a71f8d27db7bae9d7af0580509]
Mar-28 17:19:47.595 [Task submitter] INFO  nextflow.Session - [9c/501916] Submitted process > DADA2_FILTER_TRIM (16S-Plate1Pool-Rep1_B04)
Mar-28 17:19:47.601 [Task submitter] DEBUG n.executor.local.LocalTaskHandler - Launch cmd line: /bin/bash -ue .command.run
Mar-28 17:19:47.602 [Task submitter] INFO  nextflow.Session - [e3/f904e5] Submitted process > DADA2_FILTER_TRIM (16S-Plate1Pool-Rep1_G06)
Mar-28 17:19:48.051 [Task monitor] DEBUG n.processor.TaskPollingMonitor - Task completed > TaskHandler[id: 77; name: DADA2_FILTER_TRIM (16S-Plate1Pool-Rep1_E10); status: COMPLETED; exit: 0; error: -; workDir: /data/microscape_v2/nextflow/work/5a/bbc4bc3f4efc1dfa1f45bbf3fe022a]
Mar-28 17:19:48.054 [Task submitter] DEBUG n.executor.local.LocalTaskHandler - Launch cmd line: /bin/bash -ue .command.run
Mar-28 17:19:48.055 [Task submitter] INFO  nextflow.Session - [c1/4be83b] Submitted process > DADA2_FILTER_TRIM (16S-Plate1Pool-Rep1_H07)
Mar-28 17:19:48.192 [Task monitor] DEBUG n.processor.TaskPollingMonitor - Task completed > TaskHandler[id: 11; name: DADA2_FILTER_TRIM (16S-Plate1Pool-Rep1_B02); status: COMPLETED; exit: 0; error: -; workDir: /data/microscape_v2/nextflow/work/21/b642d1c3c6aee74974284ebf57702d]
Mar-28 17:19:48.196 [Task submitter] DEBUG n.executor.local.LocalTaskHandler - Launch cmd line: /bin/bash -ue .command.run
Mar-28 17:19:48.196 [Task submitter] INFO  nextflow.Session - [e5/3a6670] Submitted process > DADA2_FILTER_TRIM (16S-Plate1Pool-Rep1_G07)
Mar-28 17:19:48.550 [Task monitor] DEBUG n.processor.TaskPollingMonitor - Task completed > TaskHandler[id: 9; name: DADA2_FILTER_TRIM (16S-Plate1Pool-Rep1_H08); status: COMPLETED; exit: 0; error: -; workDir: /data/microscape_v2/nextflow/work/93/a9036a54e49fa3cbc83ed1601413b8]
Mar-28 17:19:48.552 [Task submitter] DEBUG n.executor.local.LocalTaskHandler - Launch cmd line: /bin/bash -ue .command.run
Mar-28 17:19:48.553 [Task submitter] INFO  nextflow.Session - [86/489fff] Submitted process > DADA2_FILTER_TRIM (16S-Plate1Pool-Rep1_G05)
Mar-28 17:19:48.825 [Task monitor] DEBUG n.processor.TaskPollingMonitor - Task completed > TaskHandler[id: 69; name: DADA2_FILTER_TRIM (16S-Plate1Pool-Rep1_D07); status: COMPLETED; exit: 0; error: -; workDir: /data/microscape_v2/nextflow/work/5c/097e26e3eaffc06a791075ec1e020e]
Mar-28 17:19:48.827 [Task monitor] DEBUG n.processor.TaskPollingMonitor - Task completed > TaskHandler[id: 78; name: DADA2_FILTER_TRIM (16S-Plate1Pool-Rep1_G06); status: COMPLETED; exit: 0; error: -; workDir: /data/microscape_v2/nextflow/work/e3/f904e5844cf4e8ee902732370299e0]
Mar-28 17:19:48.828 [Task submitter] DEBUG n.executor.local.LocalTaskHandler - Launch cmd line: /bin/bash -ue .command.run
Mar-28 17:19:48.828 [Task submitter] INFO  nextflow.Session - [a2/04af3c] Submitted process > DADA2_FILTER_TRIM (16S-Plate1Pool-Rep1_E05)
Mar-28 17:19:48.831 [Task submitter] DEBUG n.executor.local.LocalTaskHandler - Launch cmd line: /bin/bash -ue .command.run
Mar-28 17:19:48.831 [Task submitter] INFO  nextflow.Session - [61/0cdcd7] Submitted process > DADA2_FILTER_TRIM (16S-Plate1Pool-Rep1_E07)
Mar-28 17:19:49.114 [Task monitor] DEBUG n.processor.TaskPollingMonitor - Task completed > TaskHandler[id: 70; name: DADA2_FILTER_TRIM (16S-Plate1Pool-Rep1_B04); status: COMPLETED; exit: 0; error: -; workDir: /data/microscape_v2/nextflow/work/9c/501916170162998d78d4da87682dcc]
Mar-28 17:19:49.117 [Task submitter] DEBUG n.executor.local.LocalTaskHandler - Launch cmd line: /bin/bash -ue .command.run
Mar-28 17:19:49.117 [Task submitter] INFO  nextflow.Session - [2c/13ebb7] Submitted process > DADA2_FILTER_TRIM (16S-Plate1Pool-Rep1_F10)
Mar-28 17:19:49.150 [Task monitor] DEBUG n.processor.TaskPollingMonitor - Task completed > TaskHandler[id: 12; name: DADA2_FILTER_TRIM (16S-Plate1Pool-Rep1_H07); status: COMPLETED; exit: 0; error: -; workDir: /data/microscape_v2/nextflow/work/c1/4be83bb72af3362a754ba2563f6d06]
Mar-28 17:19:49.152 [Task submitter] DEBUG n.executor.local.LocalTaskHandler - Launch cmd line: /bin/bash -ue .command.run
Mar-28 17:19:49.152 [Task submitter] INFO  nextflow.Session - [73/f607d1] Submitted process > DADA2_FILTER_TRIM (16S-Plate1Pool-Rep1_D02)
Mar-28 17:19:49.388 [Task monitor] DEBUG n.processor.TaskPollingMonitor - Task completed > TaskHandler[id: 18; name: DADA2_FILTER_TRIM (16S-Plate1Pool-Rep1_F10); status: COMPLETED; exit: 0; error: -; workDir: /data/microscape_v2/nextflow/work/2c/13ebb7b57a6a3960d873273e2c30e8]
Mar-28 17:19:49.391 [Task submitter] DEBUG n.executor.local.LocalTaskHandler - Launch cmd line: /bin/bash -ue .command.run
Mar-28 17:19:49.392 [Task submitter] INFO  nextflow.Session - [ca/6f0a2d] Submitted process > DADA2_FILTER_TRIM (16S-Plate1Pool-Rep1_D09)
Mar-28 17:19:49.488 [Task monitor] DEBUG n.processor.TaskPollingMonitor - Task completed > TaskHandler[id: 14; name: DADA2_FILTER_TRIM (16S-Plate1Pool-Rep1_E05); status: COMPLETED; exit: 0; error: -; workDir: /data/microscape_v2/nextflow/work/a2/04af3cfcc6e716b71789b5ca118a74]
Mar-28 17:19:49.492 [Task submitter] DEBUG n.executor.local.LocalTaskHandler - Launch cmd line: /bin/bash -ue .command.run
Mar-28 17:19:49.492 [Task submitter] INFO  nextflow.Session - [05/2a96f5] Submitted process > DADA2_FILTER_TRIM (16S-Plate1Pool-Rep1_A07)
Mar-28 17:19:49.705 [Task monitor] DEBUG n.processor.TaskPollingMonitor - Task completed > TaskHandler[id: 15; name: DADA2_FILTER_TRIM (16S-Plate1Pool-Rep1_G05); status: COMPLETED; exit: 0; error: -; workDir: /data/microscape_v2/nextflow/work/86/489fffdddaef62b80fe6322da9350b]
Mar-28 17:19:49.708 [Task submitter] DEBUG n.executor.local.LocalTaskHandler - Launch cmd line: /bin/bash -ue .command.run
Mar-28 17:19:49.709 [Task submitter] INFO  nextflow.Session - [a1/973010] Submitted process > DADA2_FILTER_TRIM (16S-Plate1Pool-Rep1_H01)
Mar-28 17:19:49.853 [Task monitor] DEBUG n.processor.TaskPollingMonitor - Task completed > TaskHandler[id: 19; name: DADA2_FILTER_TRIM (16S-Plate1Pool-Rep1_D09); status: COMPLETED; exit: 0; error: -; workDir: /data/microscape_v2/nextflow/work/ca/6f0a2da716bbbfb4ed3147f38406f3]
Mar-28 17:19:49.855 [Task submitter] DEBUG n.executor.local.LocalTaskHandler - Launch cmd line: /bin/bash -ue .command.run
Mar-28 17:19:49.856 [Task submitter] INFO  nextflow.Session - [97/1bbd2e] Submitted process > DADA2_FILTER_TRIM (16S-Plate1Pool-Rep1_C10)
Mar-28 17:19:50.104 [Task monitor] DEBUG n.processor.TaskPollingMonitor - Task completed > TaskHandler[id: 22; name: DADA2_FILTER_TRIM (16S-Plate1Pool-Rep1_C10); status: COMPLETED; exit: 0; error: -; workDir: /data/microscape_v2/nextflow/work/97/1bbd2ee9316dff58ff3d9959486c17]
Mar-28 17:19:50.106 [Task submitter] DEBUG n.executor.local.LocalTaskHandler - Launch cmd line: /bin/bash -ue .command.run
Mar-28 17:19:50.107 [Task submitter] INFO  nextflow.Session - [0e/56c040] Submitted process > DADA2_FILTER_TRIM (16S-Plate1Pool-Rep1_B09)
Mar-28 17:19:50.263 [Task monitor] DEBUG n.processor.TaskPollingMonitor - Task completed > TaskHandler[id: 13; name: DADA2_FILTER_TRIM (16S-Plate1Pool-Rep1_G07); status: COMPLETED; exit: 0; error: -; workDir: /data/microscape_v2/nextflow/work/e5/3a6670257a1dedace9b840008c4123]
Mar-28 17:19:50.265 [Task submitter] DEBUG n.executor.local.LocalTaskHandler - Launch cmd line: /bin/bash -ue .command.run
Mar-28 17:19:50.265 [Task submitter] INFO  nextflow.Session - [7d/b0e59e] Submitted process > DADA2_FILTER_TRIM (16S-Plate1Pool-Rep1_G11)
Mar-28 17:19:50.362 [Task monitor] DEBUG n.processor.TaskPollingMonitor - Task completed > TaskHandler[id: 72; name: DADA2_FILTER_TRIM (16S-Plate1Pool-Rep1_C03); status: COMPLETED; exit: 0; error: -; workDir: /data/microscape_v2/nextflow/work/9d/641d8ea645078ffab18fd5465aad51]
Mar-28 17:19:50.373 [Task submitter] DEBUG n.executor.local.LocalTaskHandler - Launch cmd line: /bin/bash -ue .command.run
Mar-28 17:19:50.373 [Task submitter] INFO  nextflow.Session - [16/011687] Submitted process > DADA2_FILTER_TRIM (16S-Plate1Pool-Rep1_E03)
Mar-28 17:19:50.555 [Task monitor] DEBUG n.processor.TaskPollingMonitor - Task completed > TaskHandler[id: 21; name: DADA2_FILTER_TRIM (16S-Plate1Pool-Rep1_G11); status: COMPLETED; exit: 0; error: -; workDir: /data/microscape_v2/nextflow/work/7d/b0e59e057331c4cdc55f89c35acbb1]
Mar-28 17:19:50.557 [Task submitter] DEBUG n.executor.local.LocalTaskHandler - Launch cmd line: /bin/bash -ue .command.run
Mar-28 17:19:50.557 [Task submitter] INFO  nextflow.Session - [3b/c7c320] Submitted process > DADA2_FILTER_TRIM (16S-Plate1Pool-Rep1_H09)
Mar-28 17:19:50.563 [Task monitor] DEBUG n.processor.TaskPollingMonitor - Task completed > TaskHandler[id: 10; name: DADA2_FILTER_TRIM (16S-Plate1Pool-Rep1_F01); status: COMPLETED; exit: 0; error: -; workDir: /data/microscape_v2/nextflow/work/ef/e68c82ba42da03b9daaaaa496eb5f8]
Mar-28 17:19:50.566 [Task submitter] DEBUG n.executor.local.LocalTaskHandler - Launch cmd line: /bin/bash -ue .command.run
Mar-28 17:19:50.566 [Task submitter] INFO  nextflow.Session - [3f/fdd04f] Submitted process > DADA2_FILTER_TRIM (16S-Plate1Pool-Rep1_F08)
Mar-28 17:19:50.772 [Task monitor] DEBUG n.processor.TaskPollingMonitor - Task completed > TaskHandler[id: 20; name: DADA2_FILTER_TRIM (16S-Plate1Pool-Rep1_A07); status: COMPLETED; exit: 0; error: -; workDir: /data/microscape_v2/nextflow/work/05/2a96f58a32bc1b150891062c676b1a]
Mar-28 17:19:50.774 [Task submitter] DEBUG n.executor.local.LocalTaskHandler - Launch cmd line: /bin/bash -ue .command.run
Mar-28 17:19:50.775 [Task submitter] INFO  nextflow.Session - [26/fed903] Submitted process > DADA2_FILTER_TRIM (16S-Plate1Pool-Rep1_C04)
Mar-28 17:19:50.825 [Task monitor] DEBUG n.processor.TaskPollingMonitor - Task completed > TaskHandler[id: 26; name: DADA2_FILTER_TRIM (16S-Plate1Pool-Rep1_H09); status: COMPLETED; exit: 0; error: -; workDir: /data/microscape_v2/nextflow/work/3b/c7c320b37ee2131f25bd77ad2c89ed]
Mar-28 17:19:50.842 [Task submitter] DEBUG n.executor.local.LocalTaskHandler - Launch cmd line: /bin/bash -ue .command.run
Mar-28 17:19:50.842 [Task submitter] INFO  nextflow.Session - [98/41e6d2] Submitted process > DADA2_FILTER_TRIM (16S-Plate1Pool-Rep1_H12)
Mar-28 17:19:51.136 [Task monitor] DEBUG n.processor.TaskPollingMonitor - Task completed > TaskHandler[id: 16; name: DADA2_FILTER_TRIM (16S-Plate1Pool-Rep1_E07); status: COMPLETED; exit: 0; error: -; workDir: /data/microscape_v2/nextflow/work/61/0cdcd7d095b2a4d576359e228edc39]
Mar-28 17:19:51.139 [Task submitter] DEBUG n.executor.local.LocalTaskHandler - Launch cmd line: /bin/bash -ue .command.run
Mar-28 17:19:51.139 [Task submitter] INFO  nextflow.Session - [d8/51d2e8] Submitted process > DADA2_FILTER_TRIM (16S-Plate1Pool-Rep1_E01)
Mar-28 17:19:51.149 [Task monitor] DEBUG n.processor.TaskPollingMonitor - Task completed > TaskHandler[id: 31; name: DADA2_FILTER_TRIM (16S-Plate1Pool-Rep1_H12); status: COMPLETED; exit: 0; error: -; workDir: /data/microscape_v2/nextflow/work/98/41e6d212d8f2061b003e73da8f64a3]
Mar-28 17:19:51.151 [Task submitter] DEBUG n.executor.local.LocalTaskHandler - Launch cmd line: /bin/bash -ue .command.run
Mar-28 17:19:51.151 [Task submitter] INFO  nextflow.Session - [c8/736063] Submitted process > DADA2_FILTER_TRIM (16S-Plate1Pool-Rep1_H03)
Mar-28 17:19:51.469 [Task monitor] DEBUG n.processor.TaskPollingMonitor - Task completed > TaskHandler[id: 23; name: DADA2_FILTER_TRIM (16S-Plate1Pool-Rep1_H01); status: COMPLETED; exit: 0; error: -; workDir: /data/microscape_v2/nextflow/work/a1/973010324c04d6bc8c4e7883c2a379]
Mar-28 17:19:51.471 [Task submitter] DEBUG n.executor.local.LocalTaskHandler - Launch cmd line: /bin/bash -ue .command.run
Mar-28 17:19:51.471 [Task submitter] INFO  nextflow.Session - [e2/582941] Submitted process > DADA2_FILTER_TRIM (16S-Plate1Pool-Rep1_A05)
Mar-28 17:19:51.634 [Task monitor] DEBUG n.processor.TaskPollingMonitor - Task completed > TaskHandler[id: 17; name: DADA2_FILTER_TRIM (16S-Plate1Pool-Rep1_D02); status: COMPLETED; exit: 0; error: -; workDir: /data/microscape_v2/nextflow/work/73/f607d1531ddd0bba872c470e306e7a]
Mar-28 17:19:51.636 [Task submitter] DEBUG n.executor.local.LocalTaskHandler - Launch cmd line: /bin/bash -ue .command.run
Mar-28 17:19:51.636 [Task submitter] INFO  nextflow.Session - [f8/d24491] Submitted process > DADA2_FILTER_TRIM (16S-Plate1Pool-Rep1_D11)
Mar-28 17:19:51.867 [Task monitor] DEBUG n.processor.TaskPollingMonitor - Task completed > TaskHandler[id: 29; name: DADA2_FILTER_TRIM (16S-Plate1Pool-Rep1_C04); status: COMPLETED; exit: 0; error: -; workDir: /data/microscape_v2/nextflow/work/26/fed90351fa1a7cfe1beec6667a2006]
Mar-28 17:19:51.870 [Task submitter] DEBUG n.executor.local.LocalTaskHandler - Launch cmd line: /bin/bash -ue .command.run
Mar-28 17:19:51.870 [Task submitter] INFO  nextflow.Session - [7b/d2170f] Submitted process > DADA2_FILTER_TRIM (16S-Plate1Pool-Rep1_D05)
Mar-28 17:19:51.885 [Task monitor] DEBUG n.processor.TaskPollingMonitor - Task completed > TaskHandler[id: 28; name: DADA2_FILTER_TRIM (16S-Plate1Pool-Rep1_D11); status: COMPLETED; exit: 0; error: -; workDir: /data/microscape_v2/nextflow/work/f8/d244917539d52ccfd640486f379d62]
Mar-28 17:19:51.887 [Task submitter] DEBUG n.executor.local.LocalTaskHandler - Launch cmd line: /bin/bash -ue .command.run
Mar-28 17:19:51.888 [Task submitter] INFO  nextflow.Session - [1e/8be2fb] Submitted process > DADA2_FILTER_TRIM (16S-Plate1Pool-Rep1_B10)
Mar-28 17:19:51.967 [Task monitor] DEBUG n.processor.TaskPollingMonitor - Task completed > TaskHandler[id: 27; name: DADA2_FILTER_TRIM (16S-Plate1Pool-Rep1_F08); status: COMPLETED; exit: 0; error: -; workDir: /data/microscape_v2/nextflow/work/3f/fdd04fb459ec8b2065b4d659b0a59e]
Mar-28 17:19:51.971 [Task submitter] DEBUG n.executor.local.LocalTaskHandler - Launch cmd line: /bin/bash -ue .command.run
Mar-28 17:19:51.971 [Task submitter] INFO  nextflow.Session - [90/f70662] Submitted process > DADA2_FILTER_TRIM (16S-Plate1Pool-Rep1_F04)
Mar-28 17:19:52.215 [Task monitor] DEBUG n.processor.TaskPollingMonitor - Task completed > TaskHandler[id: 35; name: DADA2_FILTER_TRIM (16S-Plate1Pool-Rep1_B10); status: COMPLETED; exit: 0; error: -; workDir: /data/microscape_v2/nextflow/work/1e/8be2fb8d1477470b84f60bff9b5274]
Mar-28 17:19:52.217 [Task submitter] DEBUG n.executor.local.LocalTaskHandler - Launch cmd line: /bin/bash -ue .command.run
Mar-28 17:19:52.217 [Task submitter] INFO  nextflow.Session - [9f/92042b] Submitted process > DADA2_FILTER_TRIM (16S-Plate1Pool-Rep1_C06)
Mar-28 17:19:52.465 [Task monitor] DEBUG n.processor.TaskPollingMonitor - Task completed > TaskHandler[id: 24; name: DADA2_FILTER_TRIM (16S-Plate1Pool-Rep1_B09); status: COMPLETED; exit: 0; error: -; workDir: /data/microscape_v2/nextflow/work/0e/56c0400a11a99358adf134223cc894]
Mar-28 17:19:52.467 [Task submitter] DEBUG n.executor.local.LocalTaskHandler - Launch cmd line: /bin/bash -ue .command.run
Mar-28 17:19:52.467 [Task submitter] INFO  nextflow.Session - [64/f99a4f] Submitted process > DADA2_FILTER_TRIM (16S-Plate1Pool-Rep1_A12)
Mar-28 17:19:52.711 [Task monitor] DEBUG n.processor.TaskPollingMonitor - Task completed > TaskHandler[id: 36; name: DADA2_FILTER_TRIM (16S-Plate1Pool-Rep1_A12); status: COMPLETED; exit: 0; error: -; workDir: /data/microscape_v2/nextflow/work/64/f99a4fceb01090ffacd7edfa67fe67]
Mar-28 17:19:52.713 [Task submitter] DEBUG n.executor.local.LocalTaskHandler - Launch cmd line: /bin/bash -ue .command.run
Mar-28 17:19:52.713 [Task submitter] INFO  nextflow.Session - [8c/935358] Submitted process > DADA2_FILTER_TRIM (16S-Plate1Pool-Rep1_E09)
Mar-28 17:19:52.957 [Task monitor] DEBUG n.processor.TaskPollingMonitor - Task completed > TaskHandler[id: 33; name: DADA2_FILTER_TRIM (16S-Plate1Pool-Rep1_H03); status: COMPLETED; exit: 0; error: -; workDir: /data/microscape_v2/nextflow/work/c8/7360631432d669c6edf7cc6d6d4703]
Mar-28 17:19:52.959 [Task submitter] DEBUG n.executor.local.LocalTaskHandler - Launch cmd line: /bin/bash -ue .command.run
Mar-28 17:19:52.959 [Task submitter] INFO  nextflow.Session - [1f/e2504a] Submitted process > DADA2_FILTER_TRIM (16S-Plate1Pool-Rep1_C01)
Mar-28 17:19:52.982 [Task monitor] DEBUG n.processor.TaskPollingMonitor - Task completed > TaskHandler[id: 34; name: DADA2_FILTER_TRIM (16S-Plate1Pool-Rep1_A05); status: COMPLETED; exit: 0; error: -; workDir: /data/microscape_v2/nextflow/work/e2/5829415a5c49d216f2fcfd23c0d6bc]
Mar-28 17:19:52.984 [Task submitter] DEBUG n.executor.local.LocalTaskHandler - Launch cmd line: /bin/bash -ue .command.run
Mar-28 17:19:52.984 [Task submitter] INFO  nextflow.Session - [c0/e46a81] Submitted process > DADA2_FILTER_TRIM (16S-Plate1Pool-Rep1_H06)
Mar-28 17:19:53.253 [Task monitor] DEBUG n.processor.TaskPollingMonitor - Task completed > TaskHandler[id: 32; name: DADA2_FILTER_TRIM (16S-Plate1Pool-Rep1_D05); status: COMPLETED; exit: 0; error: -; workDir: /data/microscape_v2/nextflow/work/7b/d2170f5aefb43c6a6ea46cbbc0447a]
Mar-28 17:19:53.255 [Task submitter] DEBUG n.executor.local.LocalTaskHandler - Launch cmd line: /bin/bash -ue .command.run
Mar-28 17:19:53.255 [Task submitter] INFO  nextflow.Session - [4c/f3afe7] Submitted process > DADA2_FILTER_TRIM (16S-Plate1Pool-Rep1_D10)
Mar-28 17:19:53.283 [Task monitor] DEBUG n.processor.TaskPollingMonitor - Task completed > TaskHandler[id: 38; name: DADA2_FILTER_TRIM (16S-Plate1Pool-Rep1_F04); status: COMPLETED; exit: 0; error: -; workDir: /data/microscape_v2/nextflow/work/90/f706627d04eabcd9dff755bd5c78ae]
Mar-28 17:19:53.285 [Task submitter] DEBUG n.executor.local.LocalTaskHandler - Launch cmd line: /bin/bash -ue .command.run
Mar-28 17:19:53.285 [Task submitter] INFO  nextflow.Session - [d9/1ea748] Submitted process > DADA2_FILTER_TRIM (16S-Plate1Pool-Rep1_G12)
Mar-28 17:19:53.305 [Task monitor] DEBUG n.processor.TaskPollingMonitor - Task completed > TaskHandler[id: 25; name: DADA2_FILTER_TRIM (16S-Plate1Pool-Rep1_E03); status: COMPLETED; exit: 0; error: -; workDir: /data/microscape_v2/nextflow/work/16/01168753fc9f87bf8f976fa3a4d0cd]
Mar-28 17:19:53.309 [Task submitter] DEBUG n.executor.local.LocalTaskHandler - Launch cmd line: /bin/bash -ue .command.run
Mar-28 17:19:53.312 [Task submitter] INFO  nextflow.Session - [da/6bfa77] Submitted process > DADA2_FILTER_TRIM (16S-Plate1Pool-Rep1_D06)
Mar-28 17:19:53.482 [Task monitor] DEBUG n.processor.TaskPollingMonitor - Task completed > TaskHandler[id: 45; name: DADA2_FILTER_TRIM (16S-Plate1Pool-Rep1_C01); status: COMPLETED; exit: 0; error: -; workDir: /data/microscape_v2/nextflow/work/1f/e2504accbf0c21d29bfeba27dd7b0c]
Mar-28 17:19:53.485 [Task submitter] DEBUG n.executor.local.LocalTaskHandler - Launch cmd line: /bin/bash -ue .command.run
Mar-28 17:19:53.486 [Task submitter] INFO  nextflow.Session - [17/e7b347] Submitted process > DADA2_FILTER_TRIM (16S-Plate1Pool-Rep1_F06)
Mar-28 17:19:53.519 [Task monitor] DEBUG n.processor.TaskPollingMonitor - Task completed > TaskHandler[id: 39; name: DADA2_FILTER_TRIM (16S-Plate1Pool-Rep1_E09); status: COMPLETED; exit: 0; error: -; workDir: /data/microscape_v2/nextflow/work/8c/9353580dc78cfe25ce2cee5aad57e3]
Mar-28 17:19:53.526 [Task submitter] DEBUG n.executor.local.LocalTaskHandler - Launch cmd line: /bin/bash -ue .command.run
Mar-28 17:19:53.526 [Task submitter] INFO  nextflow.Session - [46/eb735f] Submitted process > DADA2_FILTER_TRIM (16S-Plate1Pool-Rep1_H05)
Mar-28 17:19:53.594 [Task monitor] DEBUG n.processor.TaskPollingMonitor - Task completed > TaskHandler[id: 42; name: DADA2_FILTER_TRIM (16S-Plate1Pool-Rep1_D10); status: COMPLETED; exit: 0; error: -; workDir: /data/microscape_v2/nextflow/work/4c/f3afe75995848400e149dced0e8373]
Mar-28 17:19:53.596 [Task submitter] DEBUG n.executor.local.LocalTaskHandler - Launch cmd line: /bin/bash -ue .command.run
Mar-28 17:19:53.596 [Task submitter] INFO  nextflow.Session - [f7/941c33] Submitted process > DADA2_FILTER_TRIM (16S-Plate1Pool-Rep1_B07)
Mar-28 17:19:53.628 [Task monitor] DEBUG n.processor.TaskPollingMonitor - Task completed > TaskHandler[id: 43; name: DADA2_FILTER_TRIM (16S-Plate1Pool-Rep1_G12); status: COMPLETED; exit: 0; error: -; workDir: /data/microscape_v2/nextflow/work/d9/1ea74817eca5fa7a2c820b0d8d9187]
Mar-28 17:19:53.631 [Task submitter] DEBUG n.executor.local.LocalTaskHandler - Launch cmd line: /bin/bash -ue .command.run
Mar-28 17:19:53.636 [Task submitter] INFO  nextflow.Session - [60/cf75a5] Submitted process > DADA2_FILTER_TRIM (16S-Plate1Pool-Rep1_E08)
Mar-28 17:19:54.021 [Task monitor] DEBUG n.processor.TaskPollingMonitor - Task completed > TaskHandler[id: 30; name: DADA2_FILTER_TRIM (16S-Plate1Pool-Rep1_E01); status: COMPLETED; exit: 0; error: -; workDir: /data/microscape_v2/nextflow/work/d8/51d2e81dcc2de519c2d9ffce42be37]
Mar-28 17:19:54.023 [Task submitter] DEBUG n.executor.local.LocalTaskHandler - Launch cmd line: /bin/bash -ue .command.run
Mar-28 17:19:54.023 [Task submitter] INFO  nextflow.Session - [fd/fa0447] Submitted process > DADA2_FILTER_TRIM (16S-Plate1Pool-Rep1_B11)
Mar-28 17:19:54.236 [Task monitor] DEBUG n.processor.TaskPollingMonitor - Task completed > TaskHandler[id: 40; name: DADA2_FILTER_TRIM (16S-Plate1Pool-Rep1_B11); status: COMPLETED; exit: 0; error: -; workDir: /data/microscape_v2/nextflow/work/fd/fa04474b7db1cc5c7119ded87e216c]
Mar-28 17:19:54.251 [Task submitter] DEBUG n.executor.local.LocalTaskHandler - Launch cmd line: /bin/bash -ue .command.run
Mar-28 17:19:54.251 [Task submitter] INFO  nextflow.Session - [1d/c5d44a] Submitted process > DADA2_FILTER_TRIM (16S-Plate1Pool-Rep1_C12)
Mar-28 17:19:54.466 [Task monitor] DEBUG n.processor.TaskPollingMonitor - Task completed > TaskHandler[id: 47; name: DADA2_FILTER_TRIM (16S-Plate1Pool-Rep1_C12); status: COMPLETED; exit: 0; error: -; workDir: /data/microscape_v2/nextflow/work/1d/c5d44ac51f499eeaf966ef0b8a6560]
Mar-28 17:19:54.468 [Task submitter] DEBUG n.executor.local.LocalTaskHandler - Launch cmd line: /bin/bash -ue .command.run
Mar-28 17:19:54.468 [Task submitter] INFO  nextflow.Session - [5e/5cfe7f] Submitted process > DADA2_FILTER_TRIM (16S-Plate1Pool-Rep1_D03)
Mar-28 17:19:54.478 [Task monitor] DEBUG n.processor.TaskPollingMonitor - Task completed > TaskHandler[id: 44; name: DADA2_FILTER_TRIM (16S-Plate1Pool-Rep1_H06); status: COMPLETED; exit: 0; error: -; workDir: /data/microscape_v2/nextflow/work/c0/e46a81c274b3963e6f86ba7b20cf2d]
Mar-28 17:19:54.480 [Task submitter] DEBUG n.executor.local.LocalTaskHandler - Launch cmd line: /bin/bash -ue .command.run
Mar-28 17:19:54.480 [Task submitter] INFO  nextflow.Session - [54/101d22] Submitted process > DADA2_FILTER_TRIM (16S-Plate1Pool-Rep1_G10)
Mar-28 17:19:54.793 [Task monitor] DEBUG n.processor.TaskPollingMonitor - Task completed > TaskHandler[id: 53; name: DADA2_FILTER_TRIM (16S-Plate1Pool-Rep1_G10); status: COMPLETED; exit: 0; error: -; workDir: /data/microscape_v2/nextflow/work/54/101d222b6ccef032bd49c4be2d210f]
Mar-28 17:19:54.795 [Task submitter] DEBUG n.executor.local.LocalTaskHandler - Launch cmd line: /bin/bash -ue .command.run
Mar-28 17:19:54.796 [Task submitter] INFO  nextflow.Session - [f3/3eb119] Submitted process > DADA2_FILTER_TRIM (16S-Plate1Pool-Rep1_C09)
Mar-28 17:19:54.864 [Task monitor] DEBUG n.processor.TaskPollingMonitor - Task completed > TaskHandler[id: 37; name: DADA2_FILTER_TRIM (16S-Plate1Pool-Rep1_C06); status: COMPLETED; exit: 0; error: -; workDir: /data/microscape_v2/nextflow/work/9f/92042bc9fce51144d6d75bf86d00bb]
Mar-28 17:19:54.868 [Task submitter] DEBUG n.executor.local.LocalTaskHandler - Launch cmd line: /bin/bash -ue .command.run
Mar-28 17:19:54.868 [Task submitter] INFO  nextflow.Session - [9b/1c8c78] Submitted process > DADA2_FILTER_TRIM (16S-Plate1Pool-Rep1_G03)
Mar-28 17:19:54.938 [Task monitor] DEBUG n.processor.TaskPollingMonitor - Task completed > TaskHandler[id: 48; name: DADA2_FILTER_TRIM (16S-Plate1Pool-Rep1_F06); status: COMPLETED; exit: 0; error: -; workDir: /data/microscape_v2/nextflow/work/17/e7b347cae10c7571d2eca0426e245b]
Mar-28 17:19:54.954 [Task submitter] DEBUG n.executor.local.LocalTaskHandler - Launch cmd line: /bin/bash -ue .command.run
Mar-28 17:19:54.954 [Task submitter] INFO  nextflow.Session - [68/e21c25] Submitted process > DADA2_FILTER_TRIM (16S-Plate1Pool-Rep1_C11)
Mar-28 17:19:55.120 [Task monitor] DEBUG n.processor.TaskPollingMonitor - Task completed > TaskHandler[id: 41; name: DADA2_FILTER_TRIM (16S-Plate1Pool-Rep1_D06); status: COMPLETED; exit: 0; error: -; workDir: /data/microscape_v2/nextflow/work/da/6bfa7708b716a0ff7b977e1099856a]
Mar-28 17:19:55.122 [Task submitter] DEBUG n.executor.local.LocalTaskHandler - Launch cmd line: /bin/bash -ue .command.run
Mar-28 17:19:55.122 [Task submitter] INFO  nextflow.Session - [d6/f90dc4] Submitted process > DADA2_FILTER_TRIM (16S-Plate1Pool-Rep1_C08)
Mar-28 17:19:55.208 [Task monitor] DEBUG n.processor.TaskPollingMonitor - Task completed > TaskHandler[id: 50; name: DADA2_FILTER_TRIM (16S-Plate1Pool-Rep1_H05); status: COMPLETED; exit: 0; error: -; workDir: /data/microscape_v2/nextflow/work/46/eb735f4d8f1021399712282b91352a]
Mar-28 17:19:55.211 [Task submitter] DEBUG n.executor.local.LocalTaskHandler - Launch cmd line: /bin/bash -ue .command.run
Mar-28 17:19:55.211 [Task submitter] INFO  nextflow.Session - [8e/160d09] Submitted process > DADA2_FILTER_TRIM (16S-Plate1Pool-Rep1_A11)
Mar-28 17:19:55.259 [Task monitor] DEBUG n.processor.TaskPollingMonitor - Task completed > TaskHandler[id: 60; name: DADA2_FILTER_TRIM (16S-Plate1Pool-Rep1_C11); status: COMPLETED; exit: 0; error: -; workDir: /data/microscape_v2/nextflow/work/68/e21c254a7317138b66047d5d99e1b9]
Mar-28 17:19:55.260 [Task submitter] DEBUG n.executor.local.LocalTaskHandler - Launch cmd line: /bin/bash -ue .command.run
Mar-28 17:19:55.261 [Task submitter] INFO  nextflow.Session - [4e/7e7f64] Submitted process > DADA2_FILTER_TRIM (16S-Plate1Pool-Rep1_H04)
Mar-28 17:19:55.358 [Task monitor] DEBUG n.processor.TaskPollingMonitor - Task completed > TaskHandler[id: 46; name: DADA2_FILTER_TRIM (16S-Plate1Pool-Rep1_E08); status: COMPLETED; exit: 0; error: -; workDir: /data/microscape_v2/nextflow/work/60/cf75a57b9605a6793f01d662445813]
Mar-28 17:19:55.361 [Task submitter] DEBUG n.executor.local.LocalTaskHandler - Launch cmd line: /bin/bash -ue .command.run
Mar-28 17:19:55.361 [Task submitter] INFO  nextflow.Session - [0e/be4e46] Submitted process > DADA2_FILTER_TRIM (16S-Plate1Pool-Rep1_G09)
Mar-28 17:19:55.607 [Task monitor] DEBUG n.processor.TaskPollingMonitor - Task completed > TaskHandler[id: 62; name: DADA2_FILTER_TRIM (16S-Plate1Pool-Rep1_A11); status: COMPLETED; exit: 0; error: -; workDir: /data/microscape_v2/nextflow/work/8e/160d092752bce1fcfe704349ee2a9a]
Mar-28 17:19:55.608 [Task submitter] DEBUG n.executor.local.LocalTaskHandler - Launch cmd line: /bin/bash -ue .command.run
Mar-28 17:19:55.608 [Task submitter] INFO  nextflow.Session - [5f/50c489] Submitted process > DADA2_FILTER_TRIM (16S-Plate1Pool-Rep1_B12)
Mar-28 17:19:55.895 [Task monitor] DEBUG n.processor.TaskPollingMonitor - Task completed > TaskHandler[id: 57; name: DADA2_FILTER_TRIM (16S-Plate1Pool-Rep1_B12); status: COMPLETED; exit: 0; error: -; workDir: /data/microscape_v2/nextflow/work/5f/50c48954f6da1ede33432e659e3e54]
Mar-28 17:19:55.897 [Task submitter] DEBUG n.executor.local.LocalTaskHandler - Launch cmd line: /bin/bash -ue .command.run
Mar-28 17:19:55.897 [Task submitter] INFO  nextflow.Session - [18/bc8a42] Submitted process > DADA2_FILTER_TRIM (16S-Plate1Pool-Rep1_C07)
Mar-28 17:19:55.939 [Task monitor] DEBUG n.processor.TaskPollingMonitor - Task completed > TaskHandler[id: 55; name: DADA2_FILTER_TRIM (16S-Plate1Pool-Rep1_G09); status: COMPLETED; exit: 0; error: -; workDir: /data/microscape_v2/nextflow/work/0e/be4e46e15fb77a04aed2b2b8f2ac4f]
Mar-28 17:19:55.942 [Task submitter] DEBUG n.executor.local.LocalTaskHandler - Launch cmd line: /bin/bash -ue .command.run
Mar-28 17:19:55.942 [Task submitter] INFO  nextflow.Session - [97/f84efa] Submitted process > DADA2_FILTER_TRIM (16S-Plate1Pool-Rep1_E02)
Mar-28 17:19:56.069 [Task monitor] DEBUG n.processor.TaskPollingMonitor - Task completed > TaskHandler[id: 49; name: DADA2_FILTER_TRIM (16S-Plate1Pool-Rep1_B07); status: COMPLETED; exit: 0; error: -; workDir: /data/microscape_v2/nextflow/work/f7/941c333d558a4abe2a45927b243ac8]
Mar-28 17:19:56.071 [Task submitter] DEBUG n.executor.local.LocalTaskHandler - Launch cmd line: /bin/bash -ue .command.run
Mar-28 17:19:56.071 [Task submitter] INFO  nextflow.Session - [b0/153372] Submitted process > DADA2_FILTER_TRIM (16S-Plate1Pool-Rep1_B06)
Mar-28 17:19:56.072 [Task monitor] DEBUG n.processor.TaskPollingMonitor - Task completed > TaskHandler[id: 54; name: DADA2_FILTER_TRIM (16S-Plate1Pool-Rep1_C09); status: COMPLETED; exit: 0; error: -; workDir: /data/microscape_v2/nextflow/work/f3/3eb119f9146ed97e9f7acf7aa0f204]
Mar-28 17:19:56.076 [Task submitter] DEBUG n.executor.local.LocalTaskHandler - Launch cmd line: /bin/bash -ue .command.run
Mar-28 17:19:56.076 [Task submitter] INFO  nextflow.Session - [b2/98ec4c] Submitted process > DADA2_FILTER_TRIM (16S-Plate1Pool-Rep1_F05)
Mar-28 17:19:56.469 [Task monitor] DEBUG n.processor.TaskPollingMonitor - Task completed > TaskHandler[id: 52; name: DADA2_FILTER_TRIM (16S-Plate1Pool-Rep1_D03); status: COMPLETED; exit: 0; error: -; workDir: /data/microscape_v2/nextflow/work/5e/5cfe7f72ae2ad2d240a0dd44d572fe]
Mar-28 17:19:56.471 [Task submitter] DEBUG n.executor.local.LocalTaskHandler - Launch cmd line: /bin/bash -ue .command.run
Mar-28 17:19:56.471 [Task submitter] INFO  nextflow.Session - [83/af1b10] Submitted process > DADA2_FILTER_TRIM (16S-Plate1Pool-Rep1_H11)
Mar-28 17:19:56.634 [Task monitor] DEBUG n.processor.TaskPollingMonitor - Task completed > TaskHandler[id: 56; name: DADA2_FILTER_TRIM (16S-Plate1Pool-Rep1_G03); status: COMPLETED; exit: 0; error: -; workDir: /data/microscape_v2/nextflow/work/9b/1c8c78aaba2027ff6441bc3de54286]
Mar-28 17:19:56.636 [Task submitter] DEBUG n.executor.local.LocalTaskHandler - Launch cmd line: /bin/bash -ue .command.run
Mar-28 17:19:56.636 [Task submitter] INFO  nextflow.Session - [56/054a0b] Submitted process > DADA2_FILTER_TRIM (16S-Plate1Pool-Rep1_D12)
Mar-28 17:19:56.758 [Task monitor] DEBUG n.processor.TaskPollingMonitor - Task completed > TaskHandler[id: 51; name: DADA2_FILTER_TRIM (16S-Plate1Pool-Rep1_H11); status: COMPLETED; exit: 0; error: -; workDir: /data/microscape_v2/nextflow/work/83/af1b10d0dc02e6cf6d3aa2443b0ff9]
Mar-28 17:19:56.764 [Task submitter] DEBUG n.executor.local.LocalTaskHandler - Launch cmd line: /bin/bash -ue .command.run
Mar-28 17:19:56.764 [Task submitter] INFO  nextflow.Session - [4c/7d581b] Submitted process > DADA2_FILTER_TRIM (16S-Plate1Pool-Rep1_A04)
Mar-28 17:19:56.938 [Task monitor] DEBUG n.processor.TaskPollingMonitor - Task completed > TaskHandler[id: 65; name: DADA2_FILTER_TRIM (16S-Plate1Pool-Rep1_D12); status: COMPLETED; exit: 0; error: -; workDir: /data/microscape_v2/nextflow/work/56/054a0b76036c16dbcb214d4d73c9b6]
Mar-28 17:19:56.940 [Task submitter] DEBUG n.executor.local.LocalTaskHandler - Launch cmd line: /bin/bash -ue .command.run
Mar-28 17:19:56.940 [Task submitter] INFO  nextflow.Session - [e8/ff9509] Submitted process > DADA2_FILTER_TRIM (16S-Plate1Pool-Rep1_B03)
Mar-28 17:19:57.038 [Task monitor] DEBUG n.processor.TaskPollingMonitor - Task completed > TaskHandler[id: 63; name: DADA2_FILTER_TRIM (16S-Plate1Pool-Rep1_H04); status: COMPLETED; exit: 0; error: -; workDir: /data/microscape_v2/nextflow/work/4e/7e7f64a0f1efb0bcfeb02e03d21224]
Mar-28 17:19:57.042 [Task submitter] DEBUG n.executor.local.LocalTaskHandler - Launch cmd line: /bin/bash -ue .command.run
Mar-28 17:19:57.042 [Task submitter] INFO  nextflow.Session - [cb/39cfe1] Submitted process > DADA2_FILTER_TRIM (16S-Plate1Pool-Rep1_G01)
Mar-28 17:19:57.362 [Task monitor] DEBUG n.processor.TaskPollingMonitor - Task completed > TaskHandler[id: 61; name: DADA2_FILTER_TRIM (16S-Plate1Pool-Rep1_C08); status: COMPLETED; exit: 0; error: -; workDir: /data/microscape_v2/nextflow/work/d6/f90dc483be68bfc1f8e22c4024f74f]
Mar-28 17:19:57.363 [Task monitor] DEBUG n.processor.TaskPollingMonitor - Task completed > TaskHandler[id: 74; name: DADA2_FILTER_TRIM (16S-Plate1Pool-Rep1_F05); status: COMPLETED; exit: 0; error: -; workDir: /data/microscape_v2/nextflow/work/b2/98ec4c8afa61820070f6fdcdd17a33]
Mar-28 17:19:57.364 [Task submitter] DEBUG n.executor.local.LocalTaskHandler - Launch cmd line: /bin/bash -ue .command.run
Mar-28 17:19:57.364 [Task submitter] INFO  nextflow.Session - [aa/799a57] Submitted process > DADA2_FILTER_TRIM (16S-Plate1Pool-Rep1_A09)
Mar-28 17:19:57.365 [Task submitter] DEBUG n.executor.local.LocalTaskHandler - Launch cmd line: /bin/bash -ue .command.run
Mar-28 17:19:57.365 [Task submitter] INFO  nextflow.Session - [b6/6bfdab] Submitted process > DADA2_FILTER_TRIM (16S-Plate1Pool-Rep1_A10)
Mar-28 17:19:57.636 [Task monitor] DEBUG n.processor.TaskPollingMonitor - Task completed > TaskHandler[id: 71; name: DADA2_FILTER_TRIM (16S-Plate1Pool-Rep1_A10); status: COMPLETED; exit: 0; error: -; workDir: /data/microscape_v2/nextflow/work/b6/6bfdabac9847ff42419c6efe3bea3c]
Mar-28 17:19:57.638 [Task submitter] DEBUG n.executor.local.LocalTaskHandler - Launch cmd line: /bin/bash -ue .command.run
Mar-28 17:19:57.638 [Task submitter] INFO  nextflow.Session - [7c/94e636] Submitted process > DADA2_FILTER_TRIM (16S-Plate1Pool-Rep1_E06)
Mar-28 17:19:57.912 [Task monitor] DEBUG n.processor.TaskPollingMonitor - Task completed > TaskHandler[id: 79; name: DADA2_FILTER_TRIM (16S-Plate1Pool-Rep1_A09); status: COMPLETED; exit: 0; error: -; workDir: /data/microscape_v2/nextflow/work/aa/799a573afb9bb0cb487f4788d39882]
Mar-28 17:19:57.914 [Task submitter] DEBUG n.executor.local.LocalTaskHandler - Launch cmd line: /bin/bash -ue .command.run
Mar-28 17:19:57.914 [Task submitter] INFO  nextflow.Session - [a2/88bc67] Submitted process > DADA2_FILTER_TRIM (16S-Plate1Pool-Rep1_A06)
Mar-28 17:19:57.970 [Task monitor] DEBUG n.processor.TaskPollingMonitor - Task completed > TaskHandler[id: 66; name: DADA2_FILTER_TRIM (16S-Plate1Pool-Rep1_A04); status: COMPLETED; exit: 0; error: -; workDir: /data/microscape_v2/nextflow/work/4c/7d581bfb37b9a817010096eeb0f992]
Mar-28 17:19:57.973 [Task submitter] DEBUG n.executor.local.LocalTaskHandler - Launch cmd line: /bin/bash -ue .command.run
Mar-28 17:19:57.973 [Task submitter] INFO  nextflow.Session - [3a/4cff87] Submitted process > DADA2_FILTER_TRIM (16S-Plate1Pool-Rep1_A03)
Mar-28 17:19:58.207 [Task monitor] DEBUG n.processor.TaskPollingMonitor - Task completed > TaskHandler[id: 59; name: DADA2_FILTER_TRIM (16S-Plate1Pool-Rep1_B06); status: COMPLETED; exit: 0; error: -; workDir: /data/microscape_v2/nextflow/work/b0/15337274674afff9087ce00789fb0f]
Mar-28 17:19:58.210 [Task submitter] DEBUG n.executor.local.LocalTaskHandler - Launch cmd line: /bin/bash -ue .command.run
Mar-28 17:19:58.210 [Task submitter] INFO  nextflow.Session - [67/2d7307] Submitted process > DADA2_FILTER_TRIM (16S-Plate1Pool-Rep1_A02)
Mar-28 17:19:58.224 [Task monitor] DEBUG n.processor.TaskPollingMonitor - Task completed > TaskHandler[id: 58; name: DADA2_FILTER_TRIM (16S-Plate1Pool-Rep1_C07); status: COMPLETED; exit: 0; error: -; workDir: /data/microscape_v2/nextflow/work/18/bc8a42206e998b93d2461005d53f24]
Mar-28 17:19:58.226 [Task submitter] DEBUG n.executor.local.LocalTaskHandler - Launch cmd line: /bin/bash -ue .command.run
Mar-28 17:19:58.227 [Task submitter] INFO  nextflow.Session - [23/6799bd] Submitted process > DADA2_FILTER_TRIM (16S-Plate1Pool-Rep1_F09)
Mar-28 17:19:58.812 [Task monitor] DEBUG n.processor.TaskPollingMonitor - Task completed > TaskHandler[id: 81; name: DADA2_FILTER_TRIM (16S-Plate1Pool-Rep1_F09); status: COMPLETED; exit: 0; error: -; workDir: /data/microscape_v2/nextflow/work/23/6799bd00da099cf286e96fbc6a37e4]
Mar-28 17:19:58.814 [Task submitter] DEBUG n.executor.local.LocalTaskHandler - Launch cmd line: /bin/bash -ue .command.run
Mar-28 17:19:58.814 [Task submitter] INFO  nextflow.Session - [02/5a4b55] Submitted process > DADA2_FILTER_TRIM (16S-Plate1Pool-Rep1_D01)
Mar-28 17:19:58.913 [Task monitor] DEBUG n.processor.TaskPollingMonitor - Task completed > TaskHandler[id: 80; name: DADA2_FILTER_TRIM (16S-Plate1Pool-Rep1_G01); status: COMPLETED; exit: 0; error: -; workDir: /data/microscape_v2/nextflow/work/cb/39cfe133e755e916b3725b91e16e98]
Mar-28 17:19:58.915 [Task submitter] DEBUG n.executor.local.LocalTaskHandler - Launch cmd line: /bin/bash -ue .command.run
Mar-28 17:19:58.916 [Task submitter] INFO  nextflow.Session - [d9/1819b1] Submitted process > DADA2_FILTER_TRIM (16S-Plate1Pool-Rep1_A08)
Mar-28 17:19:58.975 [Task monitor] DEBUG n.processor.TaskPollingMonitor - Task completed > TaskHandler[id: 64; name: DADA2_FILTER_TRIM (16S-Plate1Pool-Rep1_E02); status: COMPLETED; exit: 0; error: -; workDir: /data/microscape_v2/nextflow/work/97/f84efa5caa9ed6e81614d4c9aaf1f2]
Mar-28 17:19:58.977 [Task submitter] DEBUG n.executor.local.LocalTaskHandler - Launch cmd line: /bin/bash -ue .command.run
Mar-28 17:19:58.977 [Task submitter] INFO  nextflow.Session - [1f/9728f2] Submitted process > DADA2_FILTER_TRIM (16S-Plate1Pool-Rep1_E11)
Mar-28 17:19:59.205 [Task monitor] DEBUG n.processor.TaskPollingMonitor - Task completed > TaskHandler[id: 83; name: DADA2_FILTER_TRIM (16S-Plate1Pool-Rep1_D01); status: COMPLETED; exit: 0; error: -; workDir: /data/microscape_v2/nextflow/work/02/5a4b552229d53536bd016a9533232d]
Mar-28 17:19:59.207 [Task submitter] DEBUG n.executor.local.LocalTaskHandler - Launch cmd line: /bin/bash -ue .command.run
Mar-28 17:19:59.213 [Task submitter] INFO  nextflow.Session - [0a/bb9bfb] Submitted process > DADA2_FILTER_TRIM (16S-Plate1Pool-Rep1_H10)
Mar-28 17:19:59.306 [Task monitor] DEBUG n.processor.TaskPollingMonitor - Task completed > TaskHandler[id: 75; name: DADA2_FILTER_TRIM (16S-Plate1Pool-Rep1_B03); status: COMPLETED; exit: 0; error: -; workDir: /data/microscape_v2/nextflow/work/e8/ff9509bc991e1d075365d5cc814887]
Mar-28 17:19:59.309 [Task submitter] DEBUG n.executor.local.LocalTaskHandler - Launch cmd line: /bin/bash -ue .command.run
Mar-28 17:19:59.310 [Task submitter] INFO  nextflow.Session - [4e/dfeeea] Submitted process > DADA2_FILTER_TRIM (16S-Plate1Pool-Rep1_C05)
Mar-28 17:19:59.376 [Task monitor] DEBUG n.processor.TaskPollingMonitor - Task completed > TaskHandler[id: 68; name: DADA2_FILTER_TRIM (16S-Plate1Pool-Rep1_A06); status: COMPLETED; exit: 0; error: -; workDir: /data/microscape_v2/nextflow/work/a2/88bc67385a8318ff70305e395ee992]
Mar-28 17:19:59.378 [Task monitor] DEBUG n.processor.TaskPollingMonitor - Task completed > TaskHandler[id: 89; name: DADA2_FILTER_TRIM (16S-Plate1Pool-Rep1_E11); status: COMPLETED; exit: 0; error: -; workDir: /data/microscape_v2/nextflow/work/1f/9728f2b80c44e2ea4e4969fb17b310]
Mar-28 17:19:59.378 [Task submitter] DEBUG n.executor.local.LocalTaskHandler - Launch cmd line: /bin/bash -ue .command.run
Mar-28 17:19:59.378 [Task submitter] INFO  nextflow.Session - [c9/dfd53a] Submitted process > DADA2_FILTER_TRIM (16S-Plate1Pool-Rep1_H02)
Mar-28 17:19:59.384 [Task submitter] DEBUG n.executor.local.LocalTaskHandler - Launch cmd line: /bin/bash -ue .command.run
Mar-28 17:19:59.385 [Task submitter] INFO  nextflow.Session - [5a/98a0c0] Submitted process > DADA2_FILTER_TRIM (16S-Plate1Pool-Rep1_B08)
Mar-28 17:19:59.494 [Task monitor] DEBUG n.processor.TaskPollingMonitor - Task completed > TaskHandler[id: 91; name: DADA2_FILTER_TRIM (16S-Plate1Pool-Rep1_H10); status: COMPLETED; exit: 0; error: -; workDir: /data/microscape_v2/nextflow/work/0a/bb9bfb1c7f7fbffbfdf7a0f77045d4]
Mar-28 17:19:59.496 [Task submitter] DEBUG n.executor.local.LocalTaskHandler - Launch cmd line: /bin/bash -ue .command.run
Mar-28 17:19:59.497 [Task submitter] INFO  nextflow.Session - [49/b54e48] Submitted process > DADA2_FILTER_TRIM (16S-Plate1Pool-Rep1_F11)
Mar-28 17:19:59.804 [Task monitor] DEBUG n.processor.TaskPollingMonitor - Task completed > TaskHandler[id: 86; name: DADA2_FILTER_TRIM (16S-Plate1Pool-Rep1_A08); status: COMPLETED; exit: 0; error: -; workDir: /data/microscape_v2/nextflow/work/d9/1819b10d8d1ab7ff4311cff5132983]
Mar-28 17:19:59.807 [Task submitter] DEBUG n.executor.local.LocalTaskHandler - Launch cmd line: /bin/bash -ue .command.run
Mar-28 17:19:59.807 [Task submitter] INFO  nextflow.Session - [93/6d9864] Submitted process > DADA2_FILTER_TRIM (16S-Plate1Pool-Rep1_G02)
Mar-28 17:19:59.904 [Task monitor] DEBUG n.processor.TaskPollingMonitor - Task completed > TaskHandler[id: 67; name: DADA2_FILTER_TRIM (16S-Plate1Pool-Rep1_E06); status: COMPLETED; exit: 0; error: -; workDir: /data/microscape_v2/nextflow/work/7c/94e636c1f6a989cb467df15ea12bb3]
Mar-28 17:19:59.916 [Task submitter] DEBUG n.executor.local.LocalTaskHandler - Launch cmd line: /bin/bash -ue .command.run
Mar-28 17:19:59.916 [Task submitter] INFO  nextflow.Session - [e4/d8117c] Submitted process > DADA2_FILTER_TRIM (16S-Plate1Pool-Rep1_F02)
Mar-28 17:19:59.983 [Task monitor] DEBUG n.processor.TaskPollingMonitor - Task completed > TaskHandler[id: 85; name: DADA2_FILTER_TRIM (16S-Plate1Pool-Rep1_F11); status: COMPLETED; exit: 0; error: -; workDir: /data/microscape_v2/nextflow/work/49/b54e483c89451a42b31a8ea1cf9fd9]
Mar-28 17:19:59.985 [Task submitter] DEBUG n.executor.local.LocalTaskHandler - Launch cmd line: /bin/bash -ue .command.run
Mar-28 17:19:59.985 [Task submitter] INFO  nextflow.Session - [95/769d22] Submitted process > DADA2_FILTER_TRIM (16S-Plate1Pool-Rep1_C02)
Mar-28 17:20:00.233 [Task monitor] DEBUG n.processor.TaskPollingMonitor - Task completed > TaskHandler[id: 73; name: DADA2_FILTER_TRIM (16S-Plate1Pool-Rep1_A03); status: COMPLETED; exit: 0; error: -; workDir: /data/microscape_v2/nextflow/work/3a/4cff8765f5f967c1481f4b581aad82]
Mar-28 17:20:00.234 [Task submitter] DEBUG n.executor.local.LocalTaskHandler - Launch cmd line: /bin/bash -ue .command.run
Mar-28 17:20:00.234 [Task submitter] INFO  nextflow.Session - [5e/e3a228] Submitted process > DADA2_FILTER_TRIM (16S-Plate1Pool-Rep1_E12)
Mar-28 17:20:00.411 [Task monitor] DEBUG n.processor.TaskPollingMonitor - Task completed > TaskHandler[id: 76; name: DADA2_FILTER_TRIM (16S-Plate1Pool-Rep1_A02); status: COMPLETED; exit: 0; error: -; workDir: /data/microscape_v2/nextflow/work/67/2d7307aa1d72ff910af5967c5d1fb2]
Mar-28 17:20:00.413 [Task submitter] DEBUG n.executor.local.LocalTaskHandler - Launch cmd line: /bin/bash -ue .command.run
Mar-28 17:20:00.413 [Task submitter] INFO  nextflow.Session - [d3/33ff71] Submitted process > DADA2_FILTER_TRIM (16S-Plate1Pool-Rep1_E04)
Mar-28 17:20:00.448 [Task monitor] DEBUG n.processor.TaskPollingMonitor - Task completed > TaskHandler[id: 88; name: DADA2_FILTER_TRIM (16S-Plate1Pool-Rep1_E12); status: COMPLETED; exit: 0; error: -; workDir: /data/microscape_v2/nextflow/work/5e/e3a22807958cf4bd85554ece78a0a8]
Mar-28 17:20:00.449 [Task submitter] DEBUG n.executor.local.LocalTaskHandler - Launch cmd line: /bin/bash -ue .command.run
Mar-28 17:20:00.450 [Task submitter] INFO  nextflow.Session - [37/871ddc] Submitted process > DADA2_FILTER_TRIM (16S-Plate1Pool-Rep1_A01)
Mar-28 17:20:01.067 [Task monitor] DEBUG n.processor.TaskPollingMonitor - Task completed > TaskHandler[id: 95; name: DADA2_FILTER_TRIM (16S-Plate1Pool-Rep1_C05); status: COMPLETED; exit: 0; error: -; workDir: /data/microscape_v2/nextflow/work/4e/dfeeea4620bb0f74978b446c0c5a46]
Mar-28 17:20:01.069 [Task submitter] DEBUG n.executor.local.LocalTaskHandler - Launch cmd line: /bin/bash -ue .command.run
Mar-28 17:20:01.069 [Task submitter] INFO  nextflow.Session - [3d/cd4e6c] Submitted process > DADA2_FILTER_TRIM (16S-Plate1Pool-Rep1_G04)
Mar-28 17:20:01.069 [Task monitor] DEBUG n.processor.TaskPollingMonitor - Task completed > TaskHandler[id: 82; name: DADA2_FILTER_TRIM (16S-Plate1Pool-Rep1_B08); status: COMPLETED; exit: 0; error: -; workDir: /data/microscape_v2/nextflow/work/5a/98a0c0ee1bc21f289c5eedd3b73239]
Mar-28 17:20:01.559 [Task monitor] DEBUG n.processor.TaskPollingMonitor - Task completed > TaskHandler[id: 92; name: DADA2_FILTER_TRIM (16S-Plate1Pool-Rep1_E04); status: COMPLETED; exit: 0; error: -; workDir: /data/microscape_v2/nextflow/work/d3/33ff717c72ded445337122b9338cc6]
Mar-28 17:20:01.652 [Task monitor] DEBUG n.processor.TaskPollingMonitor - Task completed > TaskHandler[id: 84; name: DADA2_FILTER_TRIM (16S-Plate1Pool-Rep1_H02); status: COMPLETED; exit: 0; error: -; workDir: /data/microscape_v2/nextflow/work/c9/dfd53a95688fbfc2235b2986749f63]
Mar-28 17:20:01.967 [Task monitor] DEBUG n.processor.TaskPollingMonitor - Task completed > TaskHandler[id: 96; name: DADA2_FILTER_TRIM (16S-Plate1Pool-Rep1_A01); status: COMPLETED; exit: 0; error: -; workDir: /data/microscape_v2/nextflow/work/37/871ddc8c1fa4bd3f8a35bb681e4641]
Mar-28 17:20:01.999 [Task monitor] DEBUG n.processor.TaskPollingMonitor - Task completed > TaskHandler[id: 87; name: DADA2_FILTER_TRIM (16S-Plate1Pool-Rep1_G02); status: COMPLETED; exit: 0; error: -; workDir: /data/microscape_v2/nextflow/work/93/6d9864a02a608277a8bcd41010fd24]
Mar-28 17:20:02.072 [Task monitor] DEBUG n.processor.TaskPollingMonitor - Task completed > TaskHandler[id: 94; name: DADA2_FILTER_TRIM (16S-Plate1Pool-Rep1_G04); status: COMPLETED; exit: 0; error: -; workDir: /data/microscape_v2/nextflow/work/3d/cd4e6c3a345fe8a017e0b8cb8eeb7c]
Mar-28 17:20:02.386 [Task monitor] DEBUG n.processor.TaskPollingMonitor - Task completed > TaskHandler[id: 93; name: DADA2_FILTER_TRIM (16S-Plate1Pool-Rep1_F02); status: COMPLETED; exit: 0; error: -; workDir: /data/microscape_v2/nextflow/work/e4/d8117cf1055da522709e2983e0880e]
Mar-28 17:20:02.475 [Task monitor] DEBUG n.processor.TaskPollingMonitor - Task completed > TaskHandler[id: 90; name: DADA2_FILTER_TRIM (16S-Plate1Pool-Rep1_C02); status: COMPLETED; exit: 0; error: -; workDir: /data/microscape_v2/nextflow/work/95/769d224c53c3d1def3c59906829704]
Mar-28 17:20:02.495 [Task submitter] DEBUG n.executor.local.LocalTaskHandler - Launch cmd line: /bin/bash -ue .command.run
Mar-28 17:20:02.495 [Task submitter] INFO  nextflow.Session - [35/b75c1a] Submitted process > DADA2_LEARN_ERRORS (16S-Plate1Pool-Rep1)
Mar-28 17:21:33.831 [Task monitor] DEBUG n.processor.TaskPollingMonitor - Task completed > TaskHandler[id: 97; name: DADA2_LEARN_ERRORS (16S-Plate1Pool-Rep1); status: COMPLETED; exit: 0; error: -; workDir: /data/microscape_v2/nextflow/work/35/b75c1a77e12e90adcdd5a4ec6b2c89]
Mar-28 17:21:33.853 [Task submitter] DEBUG n.executor.local.LocalTaskHandler - Launch cmd line: /bin/bash -ue .command.run
Mar-28 17:21:33.853 [Task submitter] INFO  nextflow.Session - [1d/59683a] Submitted process > DADA2_DENOISE (16S-Plate1Pool-Rep1)
Mar-28 17:22:42.350 [Task monitor] DEBUG n.processor.TaskPollingMonitor - Task completed > TaskHandler[id: 98; name: DADA2_DENOISE (16S-Plate1Pool-Rep1); status: COMPLETED; exit: 0; error: -; workDir: /data/microscape_v2/nextflow/work/1d/59683a433eff1a8e5aab8feffd437b]
Mar-28 17:22:42.359 [Task submitter] DEBUG n.executor.local.LocalTaskHandler - Launch cmd line: /bin/bash -ue .command.run
Mar-28 17:22:42.359 [Task submitter] INFO  nextflow.Session - [45/8c6321] Submitted process > MERGE_SEQTABS (merge-all)
Mar-28 17:22:42.849 [Task monitor] DEBUG n.processor.TaskPollingMonitor - Task completed > TaskHandler[id: 99; name: MERGE_SEQTABS (merge-all); status: COMPLETED; exit: 0; error: -; workDir: /data/microscape_v2/nextflow/work/45/8c6321471b6988da08af3af0f1a311]
Mar-28 17:22:42.861 [Task submitter] DEBUG n.executor.local.LocalTaskHandler - Launch cmd line: /bin/bash -ue .command.run
Mar-28 17:22:42.861 [Task submitter] INFO  nextflow.Session - [ab/87d5e7] Submitted process > REMOVE_CHIMERAS (chimera-removal)
Mar-28 17:22:43.320 [Task monitor] DEBUG n.processor.TaskPollingMonitor - Task completed > TaskHandler[id: 100; name: REMOVE_CHIMERAS (chimera-removal); status: COMPLETED; exit: 0; error: -; workDir: /data/microscape_v2/nextflow/work/ab/87d5e778a9024deb4540dd1f877050]
Mar-28 17:22:43.342 [Task submitter] DEBUG n.executor.local.LocalTaskHandler - Launch cmd line: /bin/bash -ue .command.run
Mar-28 17:22:43.342 [Task submitter] INFO  nextflow.Session - [fa/e7c232] Submitted process > FILTER_SEQTAB (filter-qc)
Mar-28 17:22:44.545 [Task monitor] DEBUG n.processor.TaskPollingMonitor - Task completed > TaskHandler[id: 101; name: FILTER_SEQTAB (filter-qc); status: COMPLETED; exit: 0; error: -; workDir: /data/microscape_v2/nextflow/work/fa/e7c232beea436b3c6f53466a621c32]
Mar-28 17:22:44.553 [Task submitter] DEBUG n.executor.local.LocalTaskHandler - Launch cmd line: /bin/bash -ue .command.run
Mar-28 17:22:44.553 [Task submitter] INFO  nextflow.Session - [b3/967511] Submitted process > CLUSTER_TSNE (tsne)
Mar-28 17:22:44.575 [Task submitter] DEBUG n.executor.local.LocalTaskHandler - Launch cmd line: /bin/bash -ue .command.run
Mar-28 17:22:44.575 [Task submitter] INFO  nextflow.Session - [07/b3a2f6] Submitted process > ASSIGN_TAXONOMY (silva)
Mar-28 17:22:47.250 [Task monitor] DEBUG n.processor.TaskPollingMonitor - Task completed > TaskHandler[id: 102; name: CLUSTER_TSNE (tsne); status: COMPLETED; exit: 0; error: -; workDir: /data/microscape_v2/nextflow/work/b3/967511c2f9e22dd713679698a86afd]
Mar-28 17:23:34.067 [Task monitor] DEBUG n.processor.TaskPollingMonitor - Task completed > TaskHandler[id: 103; name: ASSIGN_TAXONOMY (silva); status: COMPLETED; exit: 0; error: -; workDir: /data/microscape_v2/nextflow/work/07/b3a2f6799684170cee6903824712ae]
Mar-28 17:23:34.075 [Task submitter] DEBUG n.executor.local.LocalTaskHandler - Launch cmd line: /bin/bash -ue .command.run
Mar-28 17:23:34.075 [Task submitter] INFO  nextflow.Session - [33/44e82c] Submitted process > RENORMALIZE (renormalize)
Mar-28 17:23:34.543 [Task monitor] DEBUG n.processor.TaskPollingMonitor - Task completed > TaskHandler[id: 104; name: RENORMALIZE (renormalize); status: COMPLETED; exit: 0; error: -; workDir: /data/microscape_v2/nextflow/work/33/44e82c3fef9a10d23e7d429d7ab8ec]
Mar-28 17:23:34.550 [Task submitter] DEBUG n.executor.local.LocalTaskHandler - Launch cmd line: /bin/bash -ue .command.run
Mar-28 17:23:34.550 [Task submitter] INFO  nextflow.Session - [b2/713338] Submitted process > NETWORK_SPARCC (sparcc)
Mar-28 17:23:35.553 [Task monitor] DEBUG n.processor.TaskPollingMonitor - Task completed > TaskHandler[id: 105; name: NETWORK_SPARCC (sparcc); status: COMPLETED; exit: 0; error: -; workDir: /data/microscape_v2/nextflow/work/b2/713338abbdb0d312e3dd1f8afd9a8a]
Mar-28 17:23:35.559 [Actor Thread 6] DEBUG nextflow.util.CacheHelper - Unable to get file attributes file: /data/microscape_v2/nextflow/NO_METADATA -- Cause: java.nio.file.NoSuchFileException: /data/microscape_v2/nextflow/NO_METADATA
Mar-28 17:23:35.561 [Task submitter] DEBUG n.executor.local.LocalTaskHandler - Launch cmd line: /bin/bash -ue .command.run
Mar-28 17:23:35.561 [Task submitter] INFO  nextflow.Session - [96/fd55a3] Submitted process > BUILD_VIZ (build_viz)
Mar-28 17:23:35.997 [Task monitor] DEBUG n.processor.TaskPollingMonitor - Task completed > TaskHandler[id: 106; name: BUILD_VIZ (build_viz); status: COMPLETED; exit: 0; error: -; workDir: /data/microscape_v2/nextflow/work/96/fd55a3182476093d6d21c886f048e8]
Mar-28 17:23:36.002 [Task monitor] DEBUG nextflow.processor.TaskProcessor - Process `BUILD_VIZ (build_viz)` is unable to find [UnixPath]: `/data/microscape_v2/nextflow/work/96/fd55a3182476093d6d21c886f048e8/app_data.rds` (pattern: `app_data.rds`)
Mar-28 17:23:36.002 [Task monitor] DEBUG nextflow.processor.TaskProcessor - Process `BUILD_VIZ (build_viz)` is unable to find [UnixPath]: `/data/microscape_v2/nextflow/work/96/fd55a3182476093d6d21c886f048e8/app.R` (pattern: `app.R`)
Mar-28 17:23:36.056 [Task monitor] DEBUG nextflow.processor.TaskProcessor - Process BUILD_VIZ > Skipping output binding because one or more optional files are missing: fileoutparam<2>
Mar-28 17:23:36.056 [Task monitor] DEBUG nextflow.processor.TaskProcessor - Process BUILD_VIZ > Skipping output binding because one or more optional files are missing: fileoutparam<3>
Mar-28 17:23:36.057 [main] DEBUG nextflow.Session - Session await > all processes finished
Mar-28 17:23:36.057 [main] DEBUG nextflow.Session - Session await > all barriers passed
Mar-28 17:23:36.059 [main] DEBUG nextflow.util.ThreadPoolManager - Thread pool 'PublishDir' shutdown completed (hard=false)
Mar-28 17:23:36.062 [main] INFO  nextflow.script.BaseScript - Pipeline completed at : 2026-03-28T17:23:36.059867082-05:00
Duration              : 3m 53s
Success               : true
Exit status           : 0
Output directory      : /data/microscape_v2/test_results_py

Mar-28 17:23:36.067 [main] DEBUG nextflow.trace.WorkflowStatsObserver - Workflow completed > WorkflowStats[succeededCount=106; failedCount=0; ignoredCount=0; cachedCount=0; pendingCount=0; submittedCount=0; runningCount=0; retriesCount=0; abortedCount=0; succeedDuration=31m 42s; failedDuration=0ms; cachedDuration=0ms;loadCpus=0; loadMemory=0; peakRunning=8; peakCpus=16; peakMemory=32 GB; ]
Mar-28 17:23:36.067 [main] DEBUG nextflow.trace.TraceFileObserver - Workflow completed -- saving trace file
Mar-28 17:23:36.068 [main] DEBUG nextflow.trace.ReportObserver - Workflow completed -- rendering execution report
Mar-28 17:23:36.120 [main] DEBUG nextflow.trace.ReportObserver - Execution report summary data:
  [{"cpuUsage":{"mean":93.81,"min":45.1,"q1":56.97,"q2":64.15,"q3":123.43,"max":249.1,"minLabel":"DADA2_FILTER_TRIM (16S-Plate1Pool-Rep1_F01)","maxLabel":"DADA2_FILTER_TRIM (16S-Plate1Pool-Rep1_C12)","q1Label":"DADA2_FILTER_TRIM (16S-Plate1Pool-Rep1_E02)","q2Label":"DADA2_FILTER_TRIM (16S-Plate1Pool-Rep1_H01)","q3Label":"DADA2_FILTER_TRIM (16S-Plate1Pool-Rep1_A11)"},"process":"DADA2_FILTER_TRIM","mem":{"mean":42139648,"min":3293184,"q1":34874368,"q2":43536384,"q3":52219904,"max":53161984,"minLabel":"DADA2_FILTER_TRIM (16S-Plate1Pool-Rep1_E10)","maxLabel":"DADA2_FILTER_TRIM (16S-Plate1Pool-Rep1_C02)","q1Label":"DADA2_FILTER_TRIM (16S-Plate1Pool-Rep1_D08)","q2Label":"DADA2_FILTER_TRIM (16S-Plate1Pool-Rep1_D04)","q3Label":"DADA2_FILTER_TRIM (16S-Plate1Pool-Rep1_B05)"},"memUsage":{"mean":0.98,"min":0.08,"q1":0.81,"q2":1.01,"q3":1.22,"max":1.24,"minLabel":"DADA2_FILTER_TRIM (16S-Plate1Pool-Rep1_E10)","maxLabel":"DADA2_FILTER_TRIM (16S-Plate1Pool-Rep1_C02)","q1Label":"DADA2_FILTER_TRIM (16S-Plate1Pool-Rep1_D08)","q2Label":"DADA2_FILTER_TRIM (16S-Plate1Pool-Rep1_D04)","q3Label":"DADA2_FILTER_TRIM (16S-Plate1Pool-Rep1_B05)"},"timeUsage":null,"vmem":{"mean":785900928,"min":7720960,"q1":818769920,"q2":830480384,"q3":839926784,"max":841101312,"minLabel":"DADA2_FILTER_TRIM (16S-Plate1Pool-Rep1_E10)","maxLabel":"DADA2_FILTER_TRIM (16S-Plate1Pool-Rep1_F06)","q1Label":"DADA2_FILTER_TRIM (16S-Plate1Pool-Rep1_G11)","q2Label":"DADA2_FILTER_TRIM (16S-Plate1Pool-Rep1_D04)","q3Label":"DADA2_FILTER_TRIM (16S-Plate1Pool-Rep1_G02)"},"reads":{"mean":7174586.97,"min":6403962,"q1":6439359.25,"q2":7161807.5,"q3":7727821.5,"max":8598874,"minLabel":"DADA2_FILTER_TRIM (16S-Plate1Pool-Rep1_G11)","maxLabel":"DADA2_FILTER_TRIM (16S-Plate1Pool-Rep1_C02)","q1Label":"DADA2_FILTER_TRIM (16S-Plate1Pool-Rep1_E10)","q2Label":"DADA2_FILTER_TRIM (16S-Plate1Pool-Rep1_E04)","q3Label":"DADA2_FILTER_TRIM (16S-Plate1Pool-Rep1_F03)"},"cpu":{"mean":187.61,"min":90.2,"q1":113.95,"q2":128.3,"q3":246.85,"max":498.2,"minLabel":"DADA2_FILTER_TRIM (16S-Plate1Pool-Rep1_F01)","maxLabel":"DADA2_FILTER_TRIM (16S-Plate1Pool-Rep1_C12)","q1Label":"DADA2_FILTER_TRIM (16S-Plate1Pool-Rep1_E02)","q2Label":"DADA2_FILTER_TRIM (16S-Plate1Pool-Rep1_H01)","q3Label":"DADA2_FILTER_TRIM (16S-Plate1Pool-Rep1_A11)"},"time":{"mean":1208.04,"min":169,"q1":297.5,"q2":1183.5,"q3":1772.75,"max":2904,"minLabel":"DADA2_FILTER_TRIM (16S-Plate1Pool-Rep1_C12)","maxLabel":"DADA2_FILTER_TRIM (16S-Plate1Pool-Rep1_F01)","q1Label":"DADA2_FILTER_TRIM (16S-Plate1Pool-Rep1_A11)","q2Label":"DADA2_FILTER_TRIM (16S-Plate1Pool-Rep1_A04)","q3Label":"DADA2_FILTER_TRIM (16S-Plate1Pool-Rep1_F03)"},"writes":{"mean":370692.94,"min":615,"q1":8574.25,"q2":351223.5,"q3":640281.25,"max":1051513,"minLabel":"DADA2_FILTER_TRIM (16S-Plate1Pool-Rep1_F12)","maxLabel":"DADA2_FILTER_TRIM (16S-Plate1Pool-Rep1_C02)","q1Label":"DADA2_FILTER_TRIM (16S-Plate1Pool-Rep1_H10)","q2Label":"DADA2_FILTER_TRIM (16S-Plate1Pool-Rep1_E04)","q3Label":"DADA2_FILTER_TRIM (16S-Plate1Pool-Rep1_F03)"}},{"cpuUsage":{"mean":174.43,"min":174.43,"q1":174.43,"q2":174.43,"q3":174.43,"max":174.43,"minLabel":"DADA2_LEARN_ERRORS (16S-Plate1Pool-Rep1)","maxLabel":"DADA2_LEARN_ERRORS (16S-Plate1Pool-Rep1)","q1Label":"DADA2_LEARN_ERRORS (16S-Plate1Pool-Rep1)","q2Label":"DADA2_LEARN_ERRORS (16S-Plate1Pool-Rep1)","q3Label":"DADA2_LEARN_ERRORS (16S-Plate1Pool-Rep1)"},"process":"DADA2_LEARN_ERRORS","mem":{"mean":4269424640,"min":4269424640,"q1":4269424640,"q2":4269424640,"q3":4269424640,"max":4269424640,"minLabel":"DADA2_LEARN_ERRORS (16S-Plate1Pool-Rep1)","maxLabel":"DADA2_LEARN_ERRORS (16S-Plate1Pool-Rep1)","q1Label":"DADA2_LEARN_ERRORS (16S-Plate1Pool-Rep1)","q2Label":"DADA2_LEARN_ERRORS (16S-Plate1Pool-Rep1)","q3Label":"DADA2_LEARN_ERRORS (16S-Plate1Pool-Rep1)"},"memUsage":{"mean":24.85,"min":24.85,"q1":24.85,"q2":24.85,"q3":24.85,"max":24.85,"minLabel":"DADA2_LEARN_ERRORS (16S-Plate1Pool-Rep1)","maxLabel":"DADA2_LEARN_ERRORS (16S-Plate1Pool-Rep1)","q1Label":"DADA2_LEARN_ERRORS (16S-Plate1Pool-Rep1)","q2Label":"DADA2_LEARN_ERRORS (16S-Plate1Pool-Rep1)","q3Label":"DADA2_LEARN_ERRORS (16S-Plate1Pool-Rep1)"},"timeUsage":null,"vmem":{"mean":34226204672,"min":34226204672,"q1":34226204672,"q2":34226204672,"q3":34226204672,"max":34226204672,"minLabel":"DADA2_LEARN_ERRORS (16S-Plate1Pool-Rep1)","maxLabel":"DADA2_LEARN_ERRORS (16S-Plate1Pool-Rep1)","q1Label":"DADA2_LEARN_ERRORS (16S-Plate1Pool-Rep1)","q2Label":"DADA2_LEARN_ERRORS (16S-Plate1Pool-Rep1)","q3Label":"DADA2_LEARN_ERRORS (16S-Plate1Pool-Rep1)"},"reads":{"mean":2161574045,"min":2161574045,"q1":2161574045,"q2":2161574045,"q3":2161574045,"max":2161574045,"minLabel":"DADA2_LEARN_ERRORS (16S-Plate1Pool-Rep1)","maxLabel":"DADA2_LEARN_ERRORS (16S-Plate1Pool-Rep1)","q1Label":"DADA2_LEARN_ERRORS (16S-Plate1Pool-Rep1)","q2Label":"DADA2_LEARN_ERRORS (16S-Plate1Pool-Rep1)","q3Label":"DADA2_LEARN_ERRORS (16S-Plate1Pool-Rep1)"},"cpu":{"mean":1395.4,"min":1395.4,"q1":1395.4,"q2":1395.4,"q3":1395.4,"max":1395.4,"minLabel":"DADA2_LEARN_ERRORS (16S-Plate1Pool-Rep1)","maxLabel":"DADA2_LEARN_ERRORS (16S-Plate1Pool-Rep1)","q1Label":"DADA2_LEARN_ERRORS (16S-Plate1Pool-Rep1)","q2Label":"DADA2_LEARN_ERRORS (16S-Plate1Pool-Rep1)","q3Label":"DADA2_LEARN_ERRORS (16S-Plate1Pool-Rep1)"},"time":{"mean":90302,"min":90302,"q1":90302,"q2":90302,"q3":90302,"max":90302,"minLabel":"DADA2_LEARN_ERRORS (16S-Plate1Pool-Rep1)","maxLabel":"DADA2_LEARN_ERRORS (16S-Plate1Pool-Rep1)","q1Label":"DADA2_LEARN_ERRORS (16S-Plate1Pool-Rep1)","q2Label":"DADA2_LEARN_ERRORS (16S-Plate1Pool-Rep1)","q3Label":"DADA2_LEARN_ERRORS (16S-Plate1Pool-Rep1)"},"writes":{"mean":2115796804,"min":2115796804,"q1":2115796804,"q2":2115796804,"q3":2115796804,"max":2115796804,"minLabel":"DADA2_LEARN_ERRORS (16S-Plate1Pool-Rep1)","maxLabel":"DADA2_LEARN_ERRORS (16S-Plate1Pool-Rep1)","q1Label":"DADA2_LEARN_ERRORS (16S-Plate1Pool-Rep1)","q2Label":"DADA2_LEARN_ERRORS (16S-Plate1Pool-Rep1)","q3Label":"DADA2_LEARN_ERRORS (16S-Plate1Pool-Rep1)"}},{"cpuUsage":{"mean":73.46,"min":73.46,"q1":73.46,"q2":73.46,"q3":73.46,"max":73.46,"minLabel":"DADA2_DENOISE (16S-Plate1Pool-Rep1)","maxLabel":"DADA2_DENOISE (16S-Plate1Pool-Rep1)","q1Label":"DADA2_DENOISE (16S-Plate1Pool-Rep1)","q2Label":"DADA2_DENOISE (16S-Plate1Pool-Rep1)","q3Label":"DADA2_DENOISE (16S-Plate1Pool-Rep1)"},"process":"DADA2_DENOISE","mem":{"mean":173228032,"min":173228032,"q1":173228032,"q2":173228032,"q3":173228032,"max":173228032,"minLabel":"DADA2_DENOISE (16S-Plate1Pool-Rep1)","maxLabel":"DADA2_DENOISE (16S-Plate1Pool-Rep1)","q1Label":"DADA2_DENOISE (16S-Plate1Pool-Rep1)","q2Label":"DADA2_DENOISE (16S-Plate1Pool-Rep1)","q3Label":"DADA2_DENOISE (16S-Plate1Pool-Rep1)"},"memUsage":{"mean":1.01,"min":1.01,"q1":1.01,"q2":1.01,"q3":1.01,"max":1.01,"minLabel":"DADA2_DENOISE (16S-Plate1Pool-Rep1)","maxLabel":"DADA2_DENOISE (16S-Plate1Pool-Rep1)","q1Label":"DADA2_DENOISE (16S-Plate1Pool-Rep1)","q2Label":"DADA2_DENOISE (16S-Plate1Pool-Rep1)","q3Label":"DADA2_DENOISE (16S-Plate1Pool-Rep1)"},"timeUsage":null,"vmem":{"mean":2071527424,"min":2071527424,"q1":2071527424,"q2":2071527424,"q3":2071527424,"max":2071527424,"minLabel":"DADA2_DENOISE (16S-Plate1Pool-Rep1)","maxLabel":"DADA2_DENOISE (16S-Plate1Pool-Rep1)","q1Label":"DADA2_DENOISE (16S-Plate1Pool-Rep1)","q2Label":"DADA2_DENOISE (16S-Plate1Pool-Rep1)","q3Label":"DADA2_DENOISE (16S-Plate1Pool-Rep1)"},"reads":{"mean":49034052,"min":49034052,"q1":49034052,"q2":49034052,"q3":49034052,"max":49034052,"minLabel":"DADA2_DENOISE (16S-Plate1Pool-Rep1)","maxLabel":"DADA2_DENOISE (16S-Plate1Pool-Rep1)","q1Label":"DADA2_DENOISE (16S-Plate1Pool-Rep1)","q2Label":"DADA2_DENOISE (16S-Plate1Pool-Rep1)","q3Label":"DADA2_DENOISE (16S-Plate1Pool-Rep1)"},"cpu":{"mean":587.7,"min":587.7,"q1":587.7,"q2":587.7,"q3":587.7,"max":587.7,"minLabel":"DADA2_DENOISE (16S-Plate1Pool-Rep1)","maxLabel":"DADA2_DENOISE (16S-Plate1Pool-Rep1)","q1Label":"DADA2_DENOISE (16S-Plate1Pool-Rep1)","q2Label":"DADA2_DENOISE (16S-Plate1Pool-Rep1)","q3Label":"DADA2_DENOISE (16S-Plate1Pool-Rep1)"},"time":{"mean":66311,"min":66311,"q1":66311,"q2":66311,"q3":66311,"max":66311,"minLabel":"DADA2_DENOISE (16S-Plate1Pool-Rep1)","maxLabel":"DADA2_DENOISE (16S-Plate1Pool-Rep1)","q1Label":"DADA2_DENOISE (16S-Plate1Pool-Rep1)","q2Label":"DADA2_DENOISE (16S-Plate1Pool-Rep1)","q3Label":"DADA2_DENOISE (16S-Plate1Pool-Rep1)"},"writes":{"mean":72169,"min":72169,"q1":72169,"q2":72169,"q3":72169,"max":72169,"minLabel":"DADA2_DENOISE (16S-Plate1Pool-Rep1)","maxLabel":"DADA2_DENOISE (16S-Plate1Pool-Rep1)","q1Label":"DADA2_DENOISE (16S-Plate1Pool-Rep1)","q2Label":"DADA2_DENOISE (16S-Plate1Pool-Rep1)","q3Label":"DADA2_DENOISE (16S-Plate1Pool-Rep1)"}},{"cpuUsage":{"mean":88.55,"min":88.55,"q1":88.55,"q2":88.55,"q3":88.55,"max":88.55,"minLabel":"MERGE_SEQTABS (merge-all)","maxLabel":"MERGE_SEQTABS (merge-all)","q1Label":"MERGE_SEQTABS (merge-all)","q2Label":"MERGE_SEQTABS (merge-all)","q3Label":"MERGE_SEQTABS (merge-all)"},"process":"MERGE_SEQTABS","mem":{"mean":39079936,"min":39079936,"q1":39079936,"q2":39079936,"q3":39079936,"max":39079936,"minLabel":"MERGE_SEQTABS (merge-all)","maxLabel":"MERGE_SEQTABS (merge-all)","q1Label":"MERGE_SEQTABS (merge-all)","q2Label":"MERGE_SEQTABS (merge-all)","q3Label":"MERGE_SEQTABS (merge-all)"},"memUsage":{"mean":0.45,"min":0.45,"q1":0.45,"q2":0.45,"q3":0.45,"max":0.45,"minLabel":"MERGE_SEQTABS (merge-all)","maxLabel":"MERGE_SEQTABS (merge-all)","q1Label":"MERGE_SEQTABS (merge-all)","q2Label":"MERGE_SEQTABS (merge-all)","q3Label":"MERGE_SEQTABS (merge-all)"},"timeUsage":null,"vmem":{"mean":788119552,"min":788119552,"q1":788119552,"q2":788119552,"q3":788119552,"max":788119552,"minLabel":"MERGE_SEQTABS (merge-all)","maxLabel":"MERGE_SEQTABS (merge-all)","q1Label":"MERGE_SEQTABS (merge-all)","q2Label":"MERGE_SEQTABS (merge-all)","q3Label":"MERGE_SEQTABS (merge-all)"},"reads":{"mean":13323980,"min":13323980,"q1":13323980,"q2":13323980,"q3":13323980,"max":13323980,"minLabel":"MERGE_SEQTABS (merge-all)","maxLabel":"MERGE_SEQTABS (merge-all)","q1Label":"MERGE_SEQTABS (merge-all)","q2Label":"MERGE_SEQTABS (merge-all)","q3Label":"MERGE_SEQTABS (merge-all)"},"cpu":{"mean":354.2,"min":354.2,"q1":354.2,"q2":354.2,"q3":354.2,"max":354.2,"minLabel":"MERGE_SEQTABS (merge-all)","maxLabel":"MERGE_SEQTABS (merge-all)","q1Label":"MERGE_SEQTABS (merge-all)","q2Label":"MERGE_SEQTABS (merge-all)","q3Label":"MERGE_SEQTABS (merge-all)"},"time":{"mean":342,"min":342,"q1":342,"q2":342,"q3":342,"max":342,"minLabel":"MERGE_SEQTABS (merge-all)","maxLabel":"MERGE_SEQTABS (merge-all)","q1Label":"MERGE_SEQTABS (merge-all)","q2Label":"MERGE_SEQTABS (merge-all)","q3Label":"MERGE_SEQTABS (merge-all)"},"writes":{"mean":30150,"min":30150,"q1":30150,"q2":30150,"q3":30150,"max":30150,"minLabel":"MERGE_SEQTABS (merge-all)","maxLabel":"MERGE_SEQTABS (merge-all)","q1Label":"MERGE_SEQTABS (merge-all)","q2Label":"MERGE_SEQTABS (merge-all)","q3Label":"MERGE_SEQTABS (merge-all)"}},{"cpuUsage":{"mean":41.11,"min":41.11,"q1":41.11,"q2":41.11,"q3":41.11,"max":41.11,"minLabel":"REMOVE_CHIMERAS (chimera-removal)","maxLabel":"REMOVE_CHIMERAS (chimera-removal)","q1Label":"REMOVE_CHIMERAS (chimera-removal)","q2Label":"REMOVE_CHIMERAS (chimera-removal)","q3Label":"REMOVE_CHIMERAS (chimera-removal)"},"process":"REMOVE_CHIMERAS","mem":{"mean":27811840,"min":27811840,"q1":27811840,"q2":27811840,"q3":27811840,"max":27811840,"minLabel":"REMOVE_CHIMERAS (chimera-removal)","maxLabel":"REMOVE_CHIMERAS (chimera-removal)","q1Label":"REMOVE_CHIMERAS (chimera-removal)","q2Label":"REMOVE_CHIMERAS (chimera-removal)","q3Label":"REMOVE_CHIMERAS (chimera-removal)"},"memUsage":{"mean":0.16,"min":0.16,"q1":0.16,"q2":0.16,"q3":0.16,"max":0.16,"minLabel":"REMOVE_CHIMERAS (chimera-removal)","maxLabel":"REMOVE_CHIMERAS (chimera-removal)","q1Label":"REMOVE_CHIMERAS (chimera-removal)","q2Label":"REMOVE_CHIMERAS (chimera-removal)","q3Label":"REMOVE_CHIMERAS (chimera-removal)"},"timeUsage":null,"vmem":{"mean":741388288,"min":741388288,"q1":741388288,"q2":741388288,"q3":741388288,"max":741388288,"minLabel":"REMOVE_CHIMERAS (chimera-removal)","maxLabel":"REMOVE_CHIMERAS (chimera-removal)","q1Label":"REMOVE_CHIMERAS (chimera-removal)","q2Label":"REMOVE_CHIMERAS (chimera-removal)","q3Label":"REMOVE_CHIMERAS (chimera-removal)"},"reads":{"mean":13659130,"min":13659130,"q1":13659130,"q2":13659130,"q3":13659130,"max":13659130,"minLabel":"REMOVE_CHIMERAS (chimera-removal)","maxLabel":"REMOVE_CHIMERAS (chimera-removal)","q1Label":"REMOVE_CHIMERAS (chimera-removal)","q2Label":"REMOVE_CHIMERAS (chimera-removal)","q3Label":"REMOVE_CHIMERAS (chimera-removal)"},"cpu":{"mean":328.9,"min":328.9,"q1":328.9,"q2":328.9,"q3":328.9,"max":328.9,"minLabel":"REMOVE_CHIMERAS (chimera-removal)","maxLabel":"REMOVE_CHIMERAS (chimera-removal)","q1Label":"REMOVE_CHIMERAS (chimera-removal)","q2Label":"REMOVE_CHIMERAS (chimera-removal)","q3Label":"REMOVE_CHIMERAS (chimera-removal)"},"time":{"mean":384,"min":384,"q1":384,"q2":384,"q3":384,"max":384,"minLabel":"REMOVE_CHIMERAS (chimera-removal)","maxLabel":"REMOVE_CHIMERAS (chimera-removal)","q1Label":"REMOVE_CHIMERAS (chimera-removal)","q2Label":"REMOVE_CHIMERAS (chimera-removal)","q3Label":"REMOVE_CHIMERAS (chimera-removal)"},"writes":{"mean":56424,"min":56424,"q1":56424,"q2":56424,"q3":56424,"max":56424,"minLabel":"REMOVE_CHIMERAS (chimera-removal)","maxLabel":"REMOVE_CHIMERAS (chimera-removal)","q1Label":"REMOVE_CHIMERAS (chimera-removal)","q2Label":"REMOVE_CHIMERAS (chimera-removal)","q3Label":"REMOVE_CHIMERAS (chimera-removal)"}},{"cpuUsage":{"mean":43.6,"min":43.6,"q1":43.6,"q2":43.6,"q3":43.6,"max":43.6,"minLabel":"FILTER_SEQTAB (filter-qc)","maxLabel":"FILTER_SEQTAB (filter-qc)","q1Label":"FILTER_SEQTAB (filter-qc)","q2Label":"FILTER_SEQTAB (filter-qc)","q3Label":"FILTER_SEQTAB (filter-qc)"},"process":"FILTER_SEQTAB","mem":{"mean":24399872,"min":24399872,"q1":24399872,"q2":24399872,"q3":24399872,"max":24399872,"minLabel":"FILTER_SEQTAB (filter-qc)","maxLabel":"FILTER_SEQTAB (filter-qc)","q1Label":"FILTER_SEQTAB (filter-qc)","q2Label":"FILTER_SEQTAB (filter-qc)","q3Label":"FILTER_SEQTAB (filter-qc)"},"memUsage":{"mean":0.28,"min":0.28,"q1":0.28,"q2":0.28,"q3":0.28,"max":0.28,"minLabel":"FILTER_SEQTAB (filter-qc)","maxLabel":"FILTER_SEQTAB (filter-qc)","q1Label":"FILTER_SEQTAB (filter-qc)","q2Label":"FILTER_SEQTAB (filter-qc)","q3Label":"FILTER_SEQTAB (filter-qc)"},"timeUsage":null,"vmem":{"mean":737783808,"min":737783808,"q1":737783808,"q2":737783808,"q3":737783808,"max":737783808,"minLabel":"FILTER_SEQTAB (filter-qc)","maxLabel":"FILTER_SEQTAB (filter-qc)","q1Label":"FILTER_SEQTAB (filter-qc)","q2Label":"FILTER_SEQTAB (filter-qc)","q3Label":"FILTER_SEQTAB (filter-qc)"},"reads":{"mean":33863286,"min":33863286,"q1":33863286,"q2":33863286,"q3":33863286,"max":33863286,"minLabel":"FILTER_SEQTAB (filter-qc)","maxLabel":"FILTER_SEQTAB (filter-qc)","q1Label":"FILTER_SEQTAB (filter-qc)","q2Label":"FILTER_SEQTAB (filter-qc)","q3Label":"FILTER_SEQTAB (filter-qc)"},"cpu":{"mean":174.4,"min":174.4,"q1":174.4,"q2":174.4,"q3":174.4,"max":174.4,"minLabel":"FILTER_SEQTAB (filter-qc)","maxLabel":"FILTER_SEQTAB (filter-qc)","q1Label":"FILTER_SEQTAB (filter-qc)","q2Label":"FILTER_SEQTAB (filter-qc)","q3Label":"FILTER_SEQTAB (filter-qc)"},"time":{"mean":1052,"min":1052,"q1":1052,"q2":1052,"q3":1052,"max":1052,"minLabel":"FILTER_SEQTAB (filter-qc)","maxLabel":"FILTER_SEQTAB (filter-qc)","q1Label":"FILTER_SEQTAB (filter-qc)","q2Label":"FILTER_SEQTAB (filter-qc)","q3Label":"FILTER_SEQTAB (filter-qc)"},"writes":{"mean":102988,"min":102988,"q1":102988,"q2":102988,"q3":102988,"max":102988,"minLabel":"FILTER_SEQTAB (filter-qc)","maxLabel":"FILTER_SEQTAB (filter-qc)","q1Label":"FILTER_SEQTAB (filter-qc)","q2Label":"FILTER_SEQTAB (filter-qc)","q3Label":"FILTER_SEQTAB (filter-qc)"}},{"cpuUsage":{"mean":73.33,"min":73.33,"q1":73.33,"q2":73.33,"q3":73.33,"max":73.33,"minLabel":"CLUSTER_TSNE (tsne)","maxLabel":"CLUSTER_TSNE (tsne)","q1Label":"CLUSTER_TSNE (tsne)","q2Label":"CLUSTER_TSNE (tsne)","q3Label":"CLUSTER_TSNE (tsne)"},"process":"CLUSTER_TSNE","mem":{"mean":158228480,"min":158228480,"q1":158228480,"q2":158228480,"q3":158228480,"max":158228480,"minLabel":"CLUSTER_TSNE (tsne)","maxLabel":"CLUSTER_TSNE (tsne)","q1Label":"CLUSTER_TSNE (tsne)","q2Label":"CLUSTER_TSNE (tsne)","q3Label":"CLUSTER_TSNE (tsne)"},"memUsage":{"mean":0.92,"min":0.92,"q1":0.92,"q2":0.92,"q3":0.92,"max":0.92,"minLabel":"CLUSTER_TSNE (tsne)","maxLabel":"CLUSTER_TSNE (tsne)","q1Label":"CLUSTER_TSNE (tsne)","q2Label":"CLUSTER_TSNE (tsne)","q3Label":"CLUSTER_TSNE (tsne)"},"timeUsage":null,"vmem":{"mean":2666082304,"min":2666082304,"q1":2666082304,"q2":2666082304,"q3":2666082304,"max":2666082304,"minLabel":"CLUSTER_TSNE (tsne)","maxLabel":"CLUSTER_TSNE (tsne)","q1Label":"CLUSTER_TSNE (tsne)","q2Label":"CLUSTER_TSNE (tsne)","q3Label":"CLUSTER_TSNE (tsne)"},"reads":{"mean":31373765,"min":31373765,"q1":31373765,"q2":31373765,"q3":31373765,"max":31373765,"minLabel":"CLUSTER_TSNE (tsne)","maxLabel":"CLUSTER_TSNE (tsne)","q1Label":"CLUSTER_TSNE (tsne)","q2Label":"CLUSTER_TSNE (tsne)","q3Label":"CLUSTER_TSNE (tsne)"},"cpu":{"mean":586.6,"min":586.6,"q1":586.6,"q2":586.6,"q3":586.6,"max":586.6,"minLabel":"CLUSTER_TSNE (tsne)","maxLabel":"CLUSTER_TSNE (tsne)","q1Label":"CLUSTER_TSNE (tsne)","q2Label":"CLUSTER_TSNE (tsne)","q3Label":"CLUSTER_TSNE (tsne)"},"time":{"mean":2474,"min":2474,"q1":2474,"q2":2474,"q3":2474,"max":2474,"minLabel":"CLUSTER_TSNE (tsne)","maxLabel":"CLUSTER_TSNE (tsne)","q1Label":"CLUSTER_TSNE (tsne)","q2Label":"CLUSTER_TSNE (tsne)","q3Label":"CLUSTER_TSNE (tsne)"},"writes":{"mean":192894,"min":192894,"q1":192894,"q2":192894,"q3":192894,"max":192894,"minLabel":"CLUSTER_TSNE (tsne)","maxLabel":"CLUSTER_TSNE (tsne)","q1Label":"CLUSTER_TSNE (tsne)","q2Label":"CLUSTER_TSNE (tsne)","q3Label":"CLUSTER_TSNE (tsne)"}},{"cpuUsage":{"mean":15.83,"min":15.83,"q1":15.83,"q2":15.83,"q3":15.83,"max":15.83,"minLabel":"ASSIGN_TAXONOMY (silva)","maxLabel":"ASSIGN_TAXONOMY (silva)","q1Label":"ASSIGN_TAXONOMY (silva)","q2Label":"ASSIGN_TAXONOMY (silva)","q3Label":"ASSIGN_TAXONOMY (silva)"},"process":"ASSIGN_TAXONOMY","mem":{"mean":2892226560,"min":2892226560,"q1":2892226560,"q2":2892226560,"q3":2892226560,"max":2892226560,"minLabel":"ASSIGN_TAXONOMY (silva)","maxLabel":"ASSIGN_TAXONOMY (silva)","q1Label":"ASSIGN_TAXONOMY (silva)","q2Label":"ASSIGN_TAXONOMY (silva)","q3Label":"ASSIGN_TAXONOMY (silva)"},"memUsage":{"mean":16.83,"min":16.83,"q1":16.83,"q2":16.83,"q3":16.83,"max":16.83,"minLabel":"ASSIGN_TAXONOMY (silva)","maxLabel":"ASSIGN_TAXONOMY (silva)","q1Label":"ASSIGN_TAXONOMY (silva)","q2Label":"ASSIGN_TAXONOMY (silva)","q3Label":"ASSIGN_TAXONOMY (silva)"},"timeUsage":null,"vmem":{"mean":3713761280,"min":3713761280,"q1":3713761280,"q2":3713761280,"q3":3713761280,"max":3713761280,"minLabel":"ASSIGN_TAXONOMY (silva)","maxLabel":"ASSIGN_TAXONOMY (silva)","q1Label":"ASSIGN_TAXONOMY (silva)","q2Label":"ASSIGN_TAXONOMY (silva)","q3Label":"ASSIGN_TAXONOMY (silva)"},"reads":{"mean":56705664,"min":56705664,"q1":56705664,"q2":56705664,"q3":56705664,"max":56705664,"minLabel":"ASSIGN_TAXONOMY (silva)","maxLabel":"ASSIGN_TAXONOMY (silva)","q1Label":"ASSIGN_TAXONOMY (silva)","q2Label":"ASSIGN_TAXONOMY (silva)","q3Label":"ASSIGN_TAXONOMY (silva)"},"cpu":{"mean":126.6,"min":126.6,"q1":126.6,"q2":126.6,"q3":126.6,"max":126.6,"minLabel":"ASSIGN_TAXONOMY (silva)","maxLabel":"ASSIGN_TAXONOMY (silva)","q1Label":"ASSIGN_TAXONOMY (silva)","q2Label":"ASSIGN_TAXONOMY (silva)","q3Label":"ASSIGN_TAXONOMY (silva)"},"time":{"mean":47463,"min":47463,"q1":47463,"q2":47463,"q3":47463,"max":47463,"minLabel":"ASSIGN_TAXONOMY (silva)","maxLabel":"ASSIGN_TAXONOMY (silva)","q1Label":"ASSIGN_TAXONOMY (silva)","q2Label":"ASSIGN_TAXONOMY (silva)","q3Label":"ASSIGN_TAXONOMY (silva)"},"writes":{"mean":48634,"min":48634,"q1":48634,"q2":48634,"q3":48634,"max":48634,"minLabel":"ASSIGN_TAXONOMY (silva)","maxLabel":"ASSIGN_TAXONOMY (silva)","q1Label":"ASSIGN_TAXONOMY (silva)","q2Label":"ASSIGN_TAXONOMY (silva)","q3Label":"ASSIGN_TAXONOMY (silva)"}},{"cpuUsage":{"mean":88.48,"min":88.48,"q1":88.48,"q2":88.48,"q3":88.48,"max":88.48,"minLabel":"RENORMALIZE (renormalize)","maxLabel":"RENORMALIZE (renormalize)","q1Label":"RENORMALIZE (renormalize)","q2Label":"RENORMALIZE (renormalize)","q3Label":"RENORMALIZE (renormalize)"},"process":"RENORMALIZE","mem":{"mean":29360128,"min":29360128,"q1":29360128,"q2":29360128,"q3":29360128,"max":29360128,"minLabel":"RENORMALIZE (renormalize)","maxLabel":"RENORMALIZE (renormalize)","q1Label":"RENORMALIZE (renormalize)","q2Label":"RENORMALIZE (renormalize)","q3Label":"RENORMALIZE (renormalize)"},"memUsage":{"mean":0.34,"min":0.34,"q1":0.34,"q2":0.34,"q3":0.34,"max":0.34,"minLabel":"RENORMALIZE (renormalize)","maxLabel":"RENORMALIZE (renormalize)","q1Label":"RENORMALIZE (renormalize)","q2Label":"RENORMALIZE (renormalize)","q3Label":"RENORMALIZE (renormalize)"},"timeUsage":null,"vmem":{"mean":742391808,"min":742391808,"q1":742391808,"q2":742391808,"q3":742391808,"max":742391808,"minLabel":"RENORMALIZE (renormalize)","maxLabel":"RENORMALIZE (renormalize)","q1Label":"RENORMALIZE (renormalize)","q2Label":"RENORMALIZE (renormalize)","q3Label":"RENORMALIZE (renormalize)"},"reads":{"mean":13335710,"min":13335710,"q1":13335710,"q2":13335710,"q3":13335710,"max":13335710,"minLabel":"RENORMALIZE (renormalize)","maxLabel":"RENORMALIZE (renormalize)","q1Label":"RENORMALIZE (renormalize)","q2Label":"RENORMALIZE (renormalize)","q3Label":"RENORMALIZE (renormalize)"},"cpu":{"mean":353.9,"min":353.9,"q1":353.9,"q2":353.9,"q3":353.9,"max":353.9,"minLabel":"RENORMALIZE (renormalize)","maxLabel":"RENORMALIZE (renormalize)","q1Label":"RENORMALIZE (renormalize)","q2Label":"RENORMALIZE (renormalize)","q3Label":"RENORMALIZE (renormalize)"},"time":{"mean":345,"min":345,"q1":345,"q2":345,"q3":345,"max":345,"minLabel":"RENORMALIZE (renormalize)","maxLabel":"RENORMALIZE (renormalize)","q1Label":"RENORMALIZE (renormalize)","q2Label":"RENORMALIZE (renormalize)","q3Label":"RENORMALIZE (renormalize)"},"writes":{"mean":56067,"min":56067,"q1":56067,"q2":56067,"q3":56067,"max":56067,"minLabel":"RENORMALIZE (renormalize)","maxLabel":"RENORMALIZE (renormalize)","q1Label":"RENORMALIZE (renormalize)","q2Label":"RENORMALIZE (renormalize)","q3Label":"RENORMALIZE (renormalize)"}},{"cpuUsage":{"mean":39.11,"min":39.11,"q1":39.11,"q2":39.11,"q3":39.11,"max":39.11,"minLabel":"NETWORK_SPARCC (sparcc)","maxLabel":"NETWORK_SPARCC (sparcc)","q1Label":"NETWORK_SPARCC (sparcc)","q2Label":"NETWORK_SPARCC (sparcc)","q3Label":"NETWORK_SPARCC (sparcc)"},"process":"NETWORK_SPARCC","mem":{"mean":27373568,"min":27373568,"q1":27373568,"q2":27373568,"q3":27373568,"max":27373568,"minLabel":"NETWORK_SPARCC (sparcc)","maxLabel":"NETWORK_SPARCC (sparcc)","q1Label":"NETWORK_SPARCC (sparcc)","q2Label":"NETWORK_SPARCC (sparcc)","q3Label":"NETWORK_SPARCC (sparcc)"},"memUsage":{"mean":0.16,"min":0.16,"q1":0.16,"q2":0.16,"q3":0.16,"max":0.16,"minLabel":"NETWORK_SPARCC (sparcc)","maxLabel":"NETWORK_SPARCC (sparcc)","q1Label":"NETWORK_SPARCC (sparcc)","q2Label":"NETWORK_SPARCC (sparcc)","q3Label":"NETWORK_SPARCC (sparcc)"},"timeUsage":null,"vmem":{"mean":740265984,"min":740265984,"q1":740265984,"q2":740265984,"q3":740265984,"max":740265984,"minLabel":"NETWORK_SPARCC (sparcc)","maxLabel":"NETWORK_SPARCC (sparcc)","q1Label":"NETWORK_SPARCC (sparcc)","q2Label":"NETWORK_SPARCC (sparcc)","q3Label":"NETWORK_SPARCC (sparcc)"},"reads":{"mean":25352119,"min":25352119,"q1":25352119,"q2":25352119,"q3":25352119,"max":25352119,"minLabel":"NETWORK_SPARCC (sparcc)","maxLabel":"NETWORK_SPARCC (sparcc)","q1Label":"NETWORK_SPARCC (sparcc)","q2Label":"NETWORK_SPARCC (sparcc)","q3Label":"NETWORK_SPARCC (sparcc)"},"cpu":{"mean":312.9,"min":312.9,"q1":312.9,"q2":312.9,"q3":312.9,"max":312.9,"minLabel":"NETWORK_SPARCC (sparcc)","maxLabel":"NETWORK_SPARCC (sparcc)","q1Label":"NETWORK_SPARCC (sparcc)","q2Label":"NETWORK_SPARCC (sparcc)","q3Label":"NETWORK_SPARCC (sparcc)"},"time":{"mean":897,"min":897,"q1":897,"q2":897,"q3":897,"max":897,"minLabel":"NETWORK_SPARCC (sparcc)","maxLabel":"NETWORK_SPARCC (sparcc)","q1Label":"NETWORK_SPARCC (sparcc)","q2Label":"NETWORK_SPARCC (sparcc)","q3Label":"NETWORK_SPARCC (sparcc)"},"writes":{"mean":1395,"min":1395,"q1":1395,"q2":1395,"q3":1395,"max":1395,"minLabel":"NETWORK_SPARCC (sparcc)","maxLabel":"NETWORK_SPARCC (sparcc)","q1Label":"NETWORK_SPARCC (sparcc)","q2Label":"NETWORK_SPARCC (sparcc)","q3Label":"NETWORK_SPARCC (sparcc)"}},{"cpuUsage":{"mean":174.15,"min":174.15,"q1":174.15,"q2":174.15,"q3":174.15,"max":174.15,"minLabel":"BUILD_VIZ (build_viz)","maxLabel":"BUILD_VIZ (build_viz)","q1Label":"BUILD_VIZ (build_viz)","q2Label":"BUILD_VIZ (build_viz)","q3Label":"BUILD_VIZ (build_viz)"},"process":"BUILD_VIZ","mem":{"mean":20713472,"min":20713472,"q1":20713472,"q2":20713472,"q3":20713472,"max":20713472,"minLabel":"BUILD_VIZ (build_viz)","maxLabel":"BUILD_VIZ (build_viz)","q1Label":"BUILD_VIZ (build_viz)","q2Label":"BUILD_VIZ (build_viz)","q3Label":"BUILD_VIZ (build_viz)"},"memUsage":{"mean":0.48,"min":0.48,"q1":0.48,"q2":0.48,"q3":0.48,"max":0.48,"minLabel":"BUILD_VIZ (build_viz)","maxLabel":"BUILD_VIZ (build_viz)","q1Label":"BUILD_VIZ (build_viz)","q2Label":"BUILD_VIZ (build_viz)","q3Label":"BUILD_VIZ (build_viz)"},"timeUsage":null,"vmem":{"mean":736964608,"min":736964608,"q1":736964608,"q2":736964608,"q3":736964608,"max":736964608,"minLabel":"BUILD_VIZ (build_viz)","maxLabel":"BUILD_VIZ (build_viz)","q1Label":"BUILD_VIZ (build_viz)","q2Label":"BUILD_VIZ (build_viz)","q3Label":"BUILD_VIZ (build_viz)"},"reads":{"mean":13365587,"min":13365587,"q1":13365587,"q2":13365587,"q3":13365587,"max":13365587,"minLabel":"BUILD_VIZ (build_viz)","maxLabel":"BUILD_VIZ (build_viz)","q1Label":"BUILD_VIZ (build_viz)","q2Label":"BUILD_VIZ (build_viz)","q3Label":"BUILD_VIZ (build_viz)"},"cpu":{"mean":348.3,"min":348.3,"q1":348.3,"q2":348.3,"q3":348.3,"max":348.3,"minLabel":"BUILD_VIZ (build_viz)","maxLabel":"BUILD_VIZ (build_viz)","q1Label":"BUILD_VIZ (build_viz)","q2Label":"BUILD_VIZ (build_viz)","q3Label":"BUILD_VIZ (build_viz)"},"time":{"mean":349,"min":349,"q1":349,"q2":349,"q3":349,"max":349,"minLabel":"BUILD_VIZ (build_viz)","maxLabel":"BUILD_VIZ (build_viz)","q1Label":"BUILD_VIZ (build_viz)","q2Label":"BUILD_VIZ (build_viz)","q3Label":"BUILD_VIZ (build_viz)"},"writes":{"mean":17254,"min":17254,"q1":17254,"q2":17254,"q3":17254,"max":17254,"minLabel":"BUILD_VIZ (build_viz)","maxLabel":"BUILD_VIZ (build_viz)","q1Label":"BUILD_VIZ (build_viz)","q2Label":"BUILD_VIZ (build_viz)","q3Label":"BUILD_VIZ (build_viz)"}}]
Mar-28 17:23:36.591 [main] DEBUG nextflow.trace.TimelineObserver - Workflow completed -- rendering execution timeline
Mar-28 17:23:36.732 [main] DEBUG nextflow.cache.CacheDB - Closing CacheDB done
Mar-28 17:23:36.747 [main] DEBUG nextflow.util.ThreadPoolManager - Thread pool 'FileTransfer' shutdown completed (hard=false)
Mar-28 17:23:36.748 [main] DEBUG nextflow.script.ScriptRunner - > Execution complete -- Goodbye
