[INFO] Plate 16S-Plate1Pool-Rep1 : denoising 75 samples
[INFO] Processing: 16S-Plate1Pool-Rep1_A01
[INFO] Processing: 16S-Plate1Pool-Rep1_A02
[INFO] Processing: 16S-Plate1Pool-Rep1_A03
[INFO] Processing: 16S-Plate1Pool-Rep1_A04
[INFO] Processing: 16S-Plate1Pool-Rep1_A05
[INFO] Processing: 16S-Plate1Pool-Rep1_A06
[INFO] Processing: 16S-Plate1Pool-Rep1_A07
[INFO] Processing: 16S-Plate1Pool-Rep1_A08
[INFO] Processing: 16S-Plate1Pool-Rep1_A09
[INFO] Processing: 16S-Plate1Pool-Rep1_B01
[INFO] Processing: 16S-Plate1Pool-Rep1_B02
[INFO] Processing: 16S-Plate1Pool-Rep1_B03
[INFO] Processing: 16S-Plate1Pool-Rep1_B04
[INFO] Processing: 16S-Plate1Pool-Rep1_B05
[INFO] Processing: 16S-Plate1Pool-Rep1_B06
[INFO] Processing: 16S-Plate1Pool-Rep1_B07
[INFO] Processing: 16S-Plate1Pool-Rep1_B08
[INFO] Processing: 16S-Plate1Pool-Rep1_B09
[INFO] Processing: 16S-Plate1Pool-Rep1_B10
[INFO] Processing: 16S-Plate1Pool-Rep1_C01
[INFO] Processing: 16S-Plate1Pool-Rep1_C02
[INFO] Processing: 16S-Plate1Pool-Rep1_C03
[INFO] Processing: 16S-Plate1Pool-Rep1_C04
[INFO] Processing: 16S-Plate1Pool-Rep1_C05
[INFO] Processing: 16S-Plate1Pool-Rep1_C06
[INFO] Processing: 16S-Plate1Pool-Rep1_C07
[INFO] Processing: 16S-Plate1Pool-Rep1_C08
[INFO] Processing: 16S-Plate1Pool-Rep1_C09
[INFO] Processing: 16S-Plate1Pool-Rep1_D01
[INFO] Processing: 16S-Plate1Pool-Rep1_D02
[INFO] Processing: 16S-Plate1Pool-Rep1_D03
[INFO] Processing: 16S-Plate1Pool-Rep1_D04
[INFO] Processing: 16S-Plate1Pool-Rep1_D05
[INFO] Processing: 16S-Plate1Pool-Rep1_D06
[INFO] Processing: 16S-Plate1Pool-Rep1_D07
[INFO] Processing: 16S-Plate1Pool-Rep1_D08
[INFO] Processing: 16S-Plate1Pool-Rep1_D09
[INFO] Processing: 16S-Plate1Pool-Rep1_E01
[INFO] Processing: 16S-Plate1Pool-Rep1_E02
[INFO] Processing: 16S-Plate1Pool-Rep1_E03
[INFO] Processing: 16S-Plate1Pool-Rep1_E04
[INFO] Processing: 16S-Plate1Pool-Rep1_E05
[INFO] Processing: 16S-Plate1Pool-Rep1_E06
[INFO] Processing: 16S-Plate1Pool-Rep1_E07
[INFO] Processing: 16S-Plate1Pool-Rep1_E08
[INFO] Processing: 16S-Plate1Pool-Rep1_E09
[INFO] Processing: 16S-Plate1Pool-Rep1_E10
[INFO] Processing: 16S-Plate1Pool-Rep1_F01
[INFO] Processing: 16S-Plate1Pool-Rep1_F02
[INFO] Processing: 16S-Plate1Pool-Rep1_F03
[INFO] Processing: 16S-Plate1Pool-Rep1_F04
[INFO] Processing: 16S-Plate1Pool-Rep1_F05
[INFO] Processing: 16S-Plate1Pool-Rep1_F06
[INFO] Processing: 16S-Plate1Pool-Rep1_F07
[INFO] Processing: 16S-Plate1Pool-Rep1_F08
[INFO] Processing: 16S-Plate1Pool-Rep1_F09
[INFO] Processing: 16S-Plate1Pool-Rep1_G01
[INFO] Processing: 16S-Plate1Pool-Rep1_G02
[INFO] Processing: 16S-Plate1Pool-Rep1_G03
[INFO] Processing: 16S-Plate1Pool-Rep1_G04
[INFO] Processing: 16S-Plate1Pool-Rep1_G05
[INFO] Processing: 16S-Plate1Pool-Rep1_G06
[INFO] Processing: 16S-Plate1Pool-Rep1_G07
[INFO] Processing: 16S-Plate1Pool-Rep1_G08
[INFO] Processing: 16S-Plate1Pool-Rep1_G09
[INFO] Processing: 16S-Plate1Pool-Rep1_H01
[INFO] Processing: 16S-Plate1Pool-Rep1_H02
[INFO] Processing: 16S-Plate1Pool-Rep1_H03
[INFO] Processing: 16S-Plate1Pool-Rep1_H04
[INFO] Processing: 16S-Plate1Pool-Rep1_H05
[INFO] Processing: 16S-Plate1Pool-Rep1_H06
[INFO] Processing: 16S-Plate1Pool-Rep1_H07
[INFO] Processing: 16S-Plate1Pool-Rep1_H08
[INFO] Processing: 16S-Plate1Pool-Rep1_H09
[INFO] Processing: 16S-Plate1Pool-Rep1_H10
[INFO] Plate 16S-Plate1Pool-Rep1 : raw table has 64 samples, 156 unique ASVs, 71457 total reads
[INFO] Plate 16S-Plate1Pool-Rep1 : removed 68 chimeras, retained 67.7 % of reads ( 88 ASVs)
