[INFO] Loading sequence table from seqtab_final.pkl
[INFO] Loaded DataFrame with 218 rows
[INFO] Pivoting to wide format
[INFO] Proportional matrix: 57 samples x 42 sequences
[INFO] Computing Bray-Curtis distances for samples
[INFO] Samples: 57 entities for ordination
[INFO] Samples: Running PCA with 50 components
[INFO] Samples: PCA explained variance ratio sum = 0.9997
[INFO] Samples: Running t-SNE (perplexity=30.0, max_iter=1000)
[INFO] Samples: t-SNE complete
[INFO] Computing Bray-Curtis distances for ASVs
[INFO] ASVs: 42 entities for ordination
[INFO] ASVs: Running PCA with 41 components
[INFO] ASVs: PCA explained variance ratio sum = 1.0000
[INFO] ASVs: Running t-SNE (perplexity=30.0, max_iter=1000)
[INFO] ASVs: t-SNE complete
[INFO] Saving sample_bray_tsne.pkl
[INFO] Saving seq_bray_tsne.pkl
[INFO] Saving sample_bray_dist.pkl
[INFO] Saving seq_bray_dist.pkl
[INFO] cluster_tsne.py complete
