[INFO] Processed 100000/410793 references
[INFO] Processed 200000/410793 references
[INFO] Processed 300000/410793 references
[INFO] Processed 400000/410793 references
[INFO] Reference kmer table built (5129 genera x 65536 kmers = 1344.5 MB)
[INFO] Classifying 42 query sequences...
[INFO] Taxonomy classification complete.
[INFO] Loading query data from seqtab_final.pkl
[INFO] 42 unique query sequences
[INFO] Parsing reference database: ref_dada2_silva_v138-2_train_set_uniq.fasta.gz
[INFO] 410793 reference sequences
[INFO] 5129 unique genus-level groups across 6 levels
[INFO] Running C-level taxonomy classifier (k=8, 8 threads)...
[INFO] Domain: 42/42 (100.0%) classified
[INFO] Phylum: 37/42 (88.1%) classified
[INFO] Class: 37/42 (88.1%) classified
[INFO] Order: 37/42 (88.1%) classified
[INFO] Family: 37/42 (88.1%) classified
[INFO] Genus: 37/42 (88.1%) classified
[INFO] Taxonomy assignment complete for silva
